#
# There is insufficient memory for the Java Runtime Environment to continue.
# Native memory allocation (mmap) failed to map 16777216 bytes for G1 virtual space
# Possible reasons:
#   The system is out of physical RAM or swap space
#   The process is running with CompressedOops enabled, and the Java Heap may be blocking the growth of the native heap
# Possible solutions:
#   Reduce memory load on the system
#   Increase physical memory or swap space
#   Check if swap backing store is full
#   Decrease Java heap size (-Xmx/-Xms)
#   Decrease number of Java threads
#   Decrease Java thread stack sizes (-Xss)
#   Set larger code cache with -XX:ReservedCodeCacheSize=
#   JVM is running with Unscaled Compressed Oops mode in which the Java heap is
#     placed in the first 4GB address space. The Java Heap base address is the
#     maximum limit for the native heap growth. Please use -XX:HeapBaseMinAddress
#     to set the Java Heap base and to place the Java Heap above 4GB virtual address.
# This output file may be truncated or incomplete.
#
#  Out of Memory Error (os_windows.cpp:3769), pid=14484, tid=13460
#
# JRE version: OpenJDK Runtime Environment (17.0.6) (build 17.0.6+0-b2043.56-10027231)
# Java VM: OpenJDK 64-Bit Server VM (17.0.6+0-b2043.56-10027231, mixed mode, tiered, compressed oops, compressed class ptrs, g1 gc, windows-amd64)
# No core dump will be written. Minidumps are not enabled by default on client versions of Windows
#

---------------  S U M M A R Y ------------

Command Line: --add-opens=java.base/java.util=ALL-UNNAMED --add-opens=java.base/java.lang=ALL-UNNAMED --add-opens=java.base/java.lang.invoke=ALL-UNNAMED --add-opens=java.prefs/java.util.prefs=ALL-UNNAMED --add-opens=java.base/java.nio.charset=ALL-UNNAMED --add-opens=java.base/java.net=ALL-UNNAMED --add-opens=java.base/java.util.concurrent.atomic=ALL-UNNAMED -Xmx2048m -Dfile.encoding=UTF-8 -Duser.country=US -Duser.language=en -Duser.variant org.gradle.launcher.daemon.bootstrap.GradleDaemon 8.0

Host: Intel(R) Core(TM) i3-10110U CPU @ 2.10GHz, 4 cores, 7G,  Windows 10 , 64 bit Build 19041 (10.0.19041.3393)
Time: Fri Sep 29 21:43:11 2023 Sri Lanka Standard Time elapsed time: 8.019857 seconds (0d 0h 0m 8s)

---------------  T H R E A D  ---------------

Current thread (0x0000028aa6bcd8a0):  VMThread "VM Thread" [stack: 0x000000ba2de00000,0x000000ba2df00000] [id=13460]

Stack: [0x000000ba2de00000,0x000000ba2df00000]
Native frames: (J=compiled Java code, j=interpreted, Vv=VM code, C=native code)
V  [jvm.dll+0x683c9a]
V  [jvm.dll+0x8427a4]
V  [jvm.dll+0x843f9e]
V  [jvm.dll+0x844603]
V  [jvm.dll+0x249b75]
V  [jvm.dll+0x680b69]
V  [jvm.dll+0x67505a]
V  [jvm.dll+0x309acb]
V  [jvm.dll+0x310f86]
V  [jvm.dll+0x3608ee]
V  [jvm.dll+0x360b1f]
V  [jvm.dll+0x2dfbf8]
V  [jvm.dll+0x2ddec4]
V  [jvm.dll+0x2dd4cc]
V  [jvm.dll+0x322261]
V  [jvm.dll+0x848ccb]
V  [jvm.dll+0x849a04]
V  [jvm.dll+0x849f1d]
V  [jvm.dll+0x84a2f4]
V  [jvm.dll+0x84a3c0]
V  [jvm.dll+0x7f274a]
V  [jvm.dll+0x682ad5]
C  [ucrtbase.dll+0x21bb2]
C  [KERNEL32.DLL+0x17344]
C  [ntdll.dll+0x526b1]

VM_Operation (0x000000ba2f4f2a10): G1TryInitiateConcMark, mode: safepoint, requested by thread 0x0000028aa9e6c460


---------------  P R O C E S S  ---------------

Threads class SMR info:
_java_thread_list=0x0000028aabce0210, length=82, elements={
0x0000028a8d5fc8e0, 0x0000028aa6bd4d40, 0x0000028aa6bd5e30, 0x0000028aa6bf9900,
0x0000028aa6bfc3c0, 0x0000028aa6bfd180, 0x0000028aa6bfdb30, 0x0000028aa6bfe810,
0x0000028aa742d400, 0x0000028aa742dd00, 0x0000028aa75b6de0, 0x0000028aa75b76c0,
0x0000028aa8aa2550, 0x0000028aa89c17e0, 0x0000028aa8f2cfd0, 0x0000028aa9d79050,
0x0000028aa8b70a70, 0x0000028aa804f9c0, 0x0000028aa9e6c460, 0x0000028aa8ce7670,
0x0000028aa8ce8010, 0x0000028aa8ce6cd0, 0x0000028aa8ce4ff0, 0x0000028aa8ce54c0,
0x0000028aa8ce7b40, 0x0000028aa8ce71a0, 0x0000028aa8ce5990, 0x0000028aa8ce84e0,
0x0000028aa8ce6800, 0x0000028aa8ce89b0, 0x0000028aa8ce5e60, 0x0000028aa8ce6330,
0x0000028aaa4bc240, 0x0000028aaa4bdf20, 0x0000028aaa4bd0b0, 0x0000028aaa00ebc0,
0x0000028aaa4bd580, 0x0000028aaa4b7070, 0x0000028aaa4b9bc0, 0x0000028aaa4be8c0,
0x0000028aaa4ba560, 0x0000028aaa4bbd70, 0x0000028aaa4b9220, 0x0000028aaa4be3f0,
0x0000028aaa4baa30, 0x0000028aaa4b7540, 0x0000028aaa4b96f0, 0x0000028aaa4b7ee0,
0x0000028aaa4baf00, 0x0000028aaa4b83b0, 0x0000028aaa4bb8a0, 0x0000028aaa4b8880,
0x0000028aaa4bb3d0, 0x0000028aaa4b8d50, 0x0000028aaa4ba090, 0x0000028aaa621840,
0x0000028aaa626a10, 0x0000028aaa624390, 0x0000028aaa623050, 0x0000028aaa6256d0,
0x0000028aaa626ee0, 0x0000028aaa626540, 0x0000028aaa6226b0, 0x0000028aaa627d50,
0x0000028aaa627880, 0x0000028aaa6273b0, 0x0000028aaa620ea0, 0x0000028aaa625200,
0x0000028aaa620500, 0x0000028aaa6209d0, 0x0000028aaa622b80, 0x0000028aaa621370,
0x0000028aaa625ba0, 0x0000028aaa624860, 0x0000028aaa623520, 0x0000028aaa6239f0,
0x0000028aaa623ec0, 0x0000028aaa626070, 0x0000028aaa621d10, 0x0000028aaa624d30,
0x0000028aae223300, 0x0000028aae2267f0
}

Java Threads: ( => current thread )
  0x0000028a8d5fc8e0 JavaThread "main" [_thread_blocked, id=16600, stack(0x000000ba2d800000,0x000000ba2d900000)]
  0x0000028aa6bd4d40 JavaThread "Reference Handler" daemon [_thread_blocked, id=12772, stack(0x000000ba2df00000,0x000000ba2e000000)]
  0x0000028aa6bd5e30 JavaThread "Finalizer" daemon [_thread_blocked, id=11960, stack(0x000000ba2e000000,0x000000ba2e100000)]
  0x0000028aa6bf9900 JavaThread "Signal Dispatcher" daemon [_thread_blocked, id=16932, stack(0x000000ba2e100000,0x000000ba2e200000)]
  0x0000028aa6bfc3c0 JavaThread "Attach Listener" daemon [_thread_blocked, id=4028, stack(0x000000ba2e200000,0x000000ba2e300000)]
  0x0000028aa6bfd180 JavaThread "Service Thread" daemon [_thread_blocked, id=12396, stack(0x000000ba2e300000,0x000000ba2e400000)]
  0x0000028aa6bfdb30 JavaThread "Monitor Deflation Thread" daemon [_thread_blocked, id=12272, stack(0x000000ba2e400000,0x000000ba2e500000)]
  0x0000028aa6bfe810 JavaThread "C2 CompilerThread0" daemon [_thread_in_native, id=16764, stack(0x000000ba2e500000,0x000000ba2e600000)]
  0x0000028aa742d400 JavaThread "C1 CompilerThread0" daemon [_thread_blocked, id=6136, stack(0x000000ba2e600000,0x000000ba2e700000)]
  0x0000028aa742dd00 JavaThread "Sweeper thread" daemon [_thread_blocked, id=13184, stack(0x000000ba2e700000,0x000000ba2e800000)]
  0x0000028aa75b6de0 JavaThread "Common-Cleaner" daemon [_thread_blocked, id=15468, stack(0x000000ba2e800000,0x000000ba2e900000)]
  0x0000028aa75b76c0 JavaThread "Notification Thread" daemon [_thread_blocked, id=2888, stack(0x000000ba2e900000,0x000000ba2ea00000)]
  0x0000028aa8aa2550 JavaThread "Daemon health stats" [_thread_blocked, id=15004, stack(0x000000ba2ee00000,0x000000ba2ef00000)]
  0x0000028aa89c17e0 JavaThread "Incoming local TCP Connector on port 58851" [_thread_in_native, id=16316, stack(0x000000ba2ef00000,0x000000ba2f000000)]
  0x0000028aa8f2cfd0 JavaThread "Daemon periodic checks" [_thread_blocked, id=9260, stack(0x000000ba2f000000,0x000000ba2f100000)]
  0x0000028aa9d79050 JavaThread "Daemon" [_thread_blocked, id=8116, stack(0x000000ba2f100000,0x000000ba2f200000)]
  0x0000028aa8b70a70 JavaThread "Handler for socket connection from /127.0.0.1:58851 to /127.0.0.1:58852" [_thread_in_native, id=16100, stack(0x000000ba2f200000,0x000000ba2f300000)]
  0x0000028aa804f9c0 JavaThread "Cancel handler" [_thread_blocked, id=5316, stack(0x000000ba2f300000,0x000000ba2f400000)]
  0x0000028aa9e6c460 JavaThread "Daemon worker" [_thread_blocked, id=12868, stack(0x000000ba2f400000,0x000000ba2f500000)]
  0x0000028aa8ce7670 JavaThread "Asynchronous log dispatcher for DefaultDaemonConnection: socket connection from /127.0.0.1:58851 to /127.0.0.1:58852" [_thread_blocked, id=16052, stack(0x000000ba2f500000,0x000000ba2f600000)]
  0x0000028aa8ce8010 JavaThread "Stdin handler" [_thread_blocked, id=4328, stack(0x000000ba2f600000,0x000000ba2f700000)]
  0x0000028aa8ce6cd0 JavaThread "Daemon client event forwarder" [_thread_blocked, id=6464, stack(0x000000ba2f700000,0x000000ba2f800000)]
  0x0000028aa8ce4ff0 JavaThread "Cache worker for journal cache (C:\Users\ACER\.gradle\caches\journal-1)" [_thread_blocked, id=15624, stack(0x000000ba2f800000,0x000000ba2f900000)]
  0x0000028aa8ce54c0 JavaThread "File lock request listener" [_thread_in_native, id=5756, stack(0x000000ba2f900000,0x000000ba2fa00000)]
  0x0000028aa8ce7b40 JavaThread "Cache worker for file hash cache (C:\Users\ACER\.gradle\caches\8.0\fileHashes)" [_thread_blocked, id=5956, stack(0x000000ba2fa00000,0x000000ba2fb00000)]
  0x0000028aa8ce71a0 JavaThread "File watcher server" daemon [_thread_in_native, id=7380, stack(0x000000ba2fb00000,0x000000ba2fc00000)]
  0x0000028aa8ce5990 JavaThread "File watcher consumer" daemon [_thread_blocked, id=900, stack(0x000000ba2fc00000,0x000000ba2fd00000)]
  0x0000028aa8ce84e0 JavaThread "Cache worker for checksums cache (F:\Campus Works\3 year sem 1\Mobile Computing\Mobile work\day3\.gradle\8.0\checksums)" [_thread_blocked, id=15016, stack(0x000000ba2fd00000,0x000000ba2fe00000)]
  0x0000028aa8ce6800 JavaThread "Cache worker for cache directory md-rule (C:\Users\ACER\.gradle\caches\8.0\md-rule)" [_thread_blocked, id=14196, stack(0x000000ba2fe00000,0x000000ba2ff00000)]
  0x0000028aa8ce89b0 JavaThread "Cache worker for file content cache (C:\Users\ACER\.gradle\caches\8.0\fileContent)" [_thread_blocked, id=8220, stack(0x000000ba2ff00000,0x000000ba30000000)]
  0x0000028aa8ce5e60 JavaThread "Cache worker for file hash cache (F:\Campus Works\3 year sem 1\Mobile Computing\Mobile work\day3\.gradle\8.0\fileHashes)" [_thread_blocked, id=15496, stack(0x000000ba30000000,0x000000ba30100000)]
  0x0000028aa8ce6330 JavaThread "Cache worker for cache directory md-supplier (C:\Users\ACER\.gradle\caches\8.0\md-supplier)" [_thread_blocked, id=15700, stack(0x000000ba30100000,0x000000ba30200000)]
  0x0000028aaa4bc240 JavaThread "Cache worker for execution history cache (C:\Users\ACER\.gradle\caches\8.0\executionHistory)" [_thread_blocked, id=17124, stack(0x000000ba30200000,0x000000ba30300000)]
  0x0000028aaa4bdf20 JavaThread "jar transforms" [_thread_blocked, id=17244, stack(0x000000ba30300000,0x000000ba30400000)]
  0x0000028aaa4bd0b0 JavaThread "jar transforms Thread 2" [_thread_blocked, id=14096, stack(0x000000ba30400000,0x000000ba30500000)]
  0x0000028aaa00ebc0 JavaThread "C2 CompilerThread1" daemon [_thread_blocked, id=15780, stack(0x000000ba30500000,0x000000ba30600000)]
  0x0000028aaa4bd580 JavaThread "jar transforms Thread 3" [_thread_blocked, id=11088, stack(0x000000ba30700000,0x000000ba30800000)]
  0x0000028aaa4b7070 JavaThread "jar transforms Thread 4" [_thread_blocked, id=8112, stack(0x000000ba30800000,0x000000ba30900000)]
  0x0000028aaa4b9bc0 JavaThread "Cache worker for dependencies-accessors (F:\Campus Works\3 year sem 1\Mobile Computing\Mobile work\day3\.gradle\8.0\dependencies-accessors)" [_thread_blocked, id=13964, stack(0x000000ba30900000,0x000000ba30a00000)]
  0x0000028aaa4be8c0 JavaThread "Cache worker for Build Output Cleanup Cache (F:\Campus Works\3 year sem 1\Mobile Computing\Mobile work\day3\.gradle\buildOutputCleanup)" [_thread_blocked, id=16420, stack(0x000000ba30a00000,0x000000ba30b00000)]
  0x0000028aaa4ba560 JavaThread "Unconstrained build operations" [_thread_blocked, id=13380, stack(0x000000ba30b00000,0x000000ba30c00000)]
  0x0000028aaa4bbd70 JavaThread "Unconstrained build operations Thread 2" [_thread_blocked, id=14240, stack(0x000000ba30c00000,0x000000ba30d00000)]
  0x0000028aaa4b9220 JavaThread "Unconstrained build operations Thread 3" [_thread_blocked, id=11268, stack(0x000000ba30d00000,0x000000ba30e00000)]
  0x0000028aaa4be3f0 JavaThread "Unconstrained build operations Thread 4" [_thread_blocked, id=10912, stack(0x000000ba30e00000,0x000000ba30f00000)]
  0x0000028aaa4baa30 JavaThread "Unconstrained build operations Thread 5" [_thread_blocked, id=9844, stack(0x000000ba30f00000,0x000000ba31000000)]
  0x0000028aaa4b7540 JavaThread "Unconstrained build operations Thread 6" [_thread_blocked, id=11824, stack(0x000000ba31000000,0x000000ba31100000)]
  0x0000028aaa4b96f0 JavaThread "Unconstrained build operations Thread 7" [_thread_blocked, id=15612, stack(0x000000ba31100000,0x000000ba31200000)]
  0x0000028aaa4b7ee0 JavaThread "Unconstrained build operations Thread 8" [_thread_blocked, id=10108, stack(0x000000ba31200000,0x000000ba31300000)]
  0x0000028aaa4baf00 JavaThread "Unconstrained build operations Thread 9" [_thread_blocked, id=13000, stack(0x000000ba31300000,0x000000ba31400000)]
  0x0000028aaa4b83b0 JavaThread "Unconstrained build operations Thread 10" [_thread_blocked, id=11576, stack(0x000000ba31400000,0x000000ba31500000)]
  0x0000028aaa4bb8a0 JavaThread "Unconstrained build operations Thread 11" [_thread_blocked, id=14708, stack(0x000000ba31500000,0x000000ba31600000)]
  0x0000028aaa4b8880 JavaThread "Unconstrained build operations Thread 12" [_thread_blocked, id=1976, stack(0x000000ba31600000,0x000000ba31700000)]
  0x0000028aaa4bb3d0 JavaThread "Unconstrained build operations Thread 13" [_thread_blocked, id=8544, stack(0x000000ba31700000,0x000000ba31800000)]
  0x0000028aaa4b8d50 JavaThread "Unconstrained build operations Thread 14" [_thread_blocked, id=16152, stack(0x000000ba31800000,0x000000ba31900000)]
  0x0000028aaa4ba090 JavaThread "Unconstrained build operations Thread 15" [_thread_blocked, id=14332, stack(0x000000ba31900000,0x000000ba31a00000)]
  0x0000028aaa621840 JavaThread "Unconstrained build operations Thread 16" [_thread_blocked, id=4080, stack(0x000000ba31a00000,0x000000ba31b00000)]
  0x0000028aaa626a10 JavaThread "Unconstrained build operations Thread 17" [_thread_blocked, id=13428, stack(0x000000ba31b00000,0x000000ba31c00000)]
  0x0000028aaa624390 JavaThread "Unconstrained build operations Thread 18" [_thread_blocked, id=5712, stack(0x000000ba31c00000,0x000000ba31d00000)]
  0x0000028aaa623050 JavaThread "Unconstrained build operations Thread 19" [_thread_blocked, id=13644, stack(0x000000ba31d00000,0x000000ba31e00000)]
  0x0000028aaa6256d0 JavaThread "Unconstrained build operations Thread 20" [_thread_blocked, id=16524, stack(0x000000ba31e00000,0x000000ba31f00000)]
  0x0000028aaa626ee0 JavaThread "Unconstrained build operations Thread 21" [_thread_blocked, id=3388, stack(0x000000ba31f00000,0x000000ba32000000)]
  0x0000028aaa626540 JavaThread "Unconstrained build operations Thread 22" [_thread_blocked, id=5860, stack(0x000000ba32000000,0x000000ba32100000)]
  0x0000028aaa6226b0 JavaThread "Unconstrained build operations Thread 23" [_thread_blocked, id=15408, stack(0x000000ba32100000,0x000000ba32200000)]
  0x0000028aaa627d50 JavaThread "Unconstrained build operations Thread 24" [_thread_blocked, id=14732, stack(0x000000ba32200000,0x000000ba32300000)]
  0x0000028aaa627880 JavaThread "Unconstrained build operations Thread 25" [_thread_blocked, id=8676, stack(0x000000ba32300000,0x000000ba32400000)]
  0x0000028aaa6273b0 JavaThread "Unconstrained build operations Thread 26" [_thread_blocked, id=7500, stack(0x000000ba32400000,0x000000ba32500000)]
  0x0000028aaa620ea0 JavaThread "Unconstrained build operations Thread 27" [_thread_blocked, id=4932, stack(0x000000ba32500000,0x000000ba32600000)]
  0x0000028aaa625200 JavaThread "Unconstrained build operations Thread 28" [_thread_blocked, id=2060, stack(0x000000ba32600000,0x000000ba32700000)]
  0x0000028aaa620500 JavaThread "Unconstrained build operations Thread 29" [_thread_blocked, id=8572, stack(0x000000ba32700000,0x000000ba32800000)]
  0x0000028aaa6209d0 JavaThread "Unconstrained build operations Thread 30" [_thread_blocked, id=10212, stack(0x000000ba32800000,0x000000ba32900000)]
  0x0000028aaa622b80 JavaThread "Unconstrained build operations Thread 31" [_thread_blocked, id=17184, stack(0x000000ba32900000,0x000000ba32a00000)]
  0x0000028aaa621370 JavaThread "Unconstrained build operations Thread 32" [_thread_blocked, id=2468, stack(0x000000ba32a00000,0x000000ba32b00000)]
  0x0000028aaa625ba0 JavaThread "Unconstrained build operations Thread 33" [_thread_blocked, id=6252, stack(0x000000ba32b00000,0x000000ba32c00000)]
  0x0000028aaa624860 JavaThread "Unconstrained build operations Thread 34" [_thread_blocked, id=124, stack(0x000000ba32c00000,0x000000ba32d00000)]
  0x0000028aaa623520 JavaThread "Unconstrained build operations Thread 35" [_thread_blocked, id=11140, stack(0x000000ba32d00000,0x000000ba32e00000)]
  0x0000028aaa6239f0 JavaThread "Unconstrained build operations Thread 36" [_thread_blocked, id=15060, stack(0x000000ba32e00000,0x000000ba32f00000)]
  0x0000028aaa623ec0 JavaThread "Unconstrained build operations Thread 37" [_thread_blocked, id=12240, stack(0x000000ba32f00000,0x000000ba33000000)]
  0x0000028aaa626070 JavaThread "Unconstrained build operations Thread 38" [_thread_blocked, id=9316, stack(0x000000ba33000000,0x000000ba33100000)]
  0x0000028aaa621d10 JavaThread "Unconstrained build operations Thread 39" [_thread_blocked, id=12176, stack(0x000000ba33100000,0x000000ba33200000)]
  0x0000028aaa624d30 JavaThread "Unconstrained build operations Thread 40" [_thread_blocked, id=5548, stack(0x000000ba33200000,0x000000ba33300000)]
  0x0000028aae223300 JavaThread "build event listener" [_thread_blocked, id=17104, stack(0x000000ba33300000,0x000000ba33400000)]
  0x0000028aae2267f0 JavaThread "Memory manager" [_thread_blocked, id=9800, stack(0x000000ba33400000,0x000000ba33500000)]

Other Threads:
=>0x0000028aa6bcd8a0 VMThread "VM Thread" [stack: 0x000000ba2de00000,0x000000ba2df00000] [id=13460]
  0x0000028a8d66ead0 WatcherThread [stack: 0x000000ba2ea00000,0x000000ba2eb00000] [id=2612]
  0x0000028a8d655630 GCTaskThread "GC Thread#0" [stack: 0x000000ba2d900000,0x000000ba2da00000] [id=10484]
  0x0000028aa7d40bb0 GCTaskThread "GC Thread#1" [stack: 0x000000ba2eb00000,0x000000ba2ec00000] [id=7128]
  0x0000028aa7d40e60 GCTaskThread "GC Thread#2" [stack: 0x000000ba2ec00000,0x000000ba2ed00000] [id=13396]
  0x0000028aa7f86d70 GCTaskThread "GC Thread#3" [stack: 0x000000ba2ed00000,0x000000ba2ee00000] [id=14604]
  0x0000028a8d666570 ConcurrentGCThread "G1 Main Marker" [stack: 0x000000ba2da00000,0x000000ba2db00000] [id=11760]
  0x0000028a8d667f90 ConcurrentGCThread "G1 Conc#0" [stack: 0x000000ba2db00000,0x000000ba2dc00000] [id=7240]
  0x0000028a8d6bd0c0 ConcurrentGCThread "G1 Refine#0" [stack: 0x000000ba2dc00000,0x000000ba2dd00000] [id=5488]
  0x0000028aac551bf0 ConcurrentGCThread "G1 Refine#1" [stack: 0x000000ba30600000,0x000000ba30700000] [id=14052]
  0x0000028a8d6bdae0 ConcurrentGCThread "G1 Service" [stack: 0x000000ba2dd00000,0x000000ba2de00000] [id=16116]

Threads with active compile tasks:
C2 CompilerThread0     8140 6114       4       org.objectweb.asm.Frame::execute (2318 bytes)
C2 CompilerThread1     8140 6185   !   4       java.util.jar.Attributes::read (494 bytes)

VM state: at safepoint (normal execution)

VM Mutex/Monitor currently owned by a thread:  ([mutex/lock_event])
[0x0000028a8d5f9490] Threads_lock - owner thread: 0x0000028aa6bcd8a0
[0x0000028a8d5f9520] Heap_lock - owner thread: 0x0000028aa9e6c460

Heap address: 0x0000000080000000, size: 2048 MB, Compressed Oops mode: 32-bit

CDS archive(s) not mapped
Compressed class space mapped at: 0x0000000100000000-0x0000000140000000, reserved size: 1073741824
Narrow klass base: 0x0000000000000000, Narrow klass shift: 3, Narrow klass range: 0x140000000

GC Precious Log:
 CPUs: 4 total, 4 available
 Memory: 8022M
 Large Page Support: Disabled
 NUMA Support: Disabled
 Compressed Oops: Enabled (32-bit)
 Heap Region Size: 1M
 Heap Min Capacity: 8M
 Heap Initial Capacity: 126M
 Heap Max Capacity: 2G
 Pre-touch: Disabled
 Parallel Workers: 4
 Concurrent Workers: 1
 Concurrent Refinement Workers: 4
 Periodic GC: Disabled

Heap:
 garbage-first heap   total 87040K, used 48580K [0x0000000080000000, 0x0000000100000000)
  region size 1024K, 3 young (3072K), 3 survivors (3072K)
 Metaspace       used 62403K, committed 62912K, reserved 1105920K
  class space    used 8244K, committed 8448K, reserved 1048576K

Heap Regions: E=young(eden), S=young(survivor), O=old, HS=humongous(starts), HC=humongous(continues), CS=collection set, F=free, OA=open archive, CA=closed archive, TAMS=top-at-mark-start (previous, next)
|   0|0x0000000080000000, 0x0000000080100000, 0x0000000080100000|100%| O|  |TAMS 0x0000000080100000, 0x0000000080100000| Untracked 
|   1|0x0000000080100000, 0x0000000080200000, 0x0000000080200000|100%| O|  |TAMS 0x0000000080200000, 0x0000000080200000| Untracked 
|   2|0x0000000080200000, 0x0000000080300000, 0x0000000080300000|100%|HS|  |TAMS 0x0000000080300000, 0x0000000080300000| Complete 
|   3|0x0000000080300000, 0x0000000080400000, 0x0000000080400000|100%|HC|  |TAMS 0x0000000080400000, 0x0000000080400000| Complete 
|   4|0x0000000080400000, 0x0000000080500000, 0x0000000080500000|100%|HC|  |TAMS 0x0000000080500000, 0x0000000080500000| Complete 
|   5|0x0000000080500000, 0x0000000080600000, 0x0000000080600000|100%|HC|  |TAMS 0x0000000080600000, 0x0000000080600000| Complete 
|   6|0x0000000080600000, 0x0000000080700000, 0x0000000080700000|100%| O|  |TAMS 0x0000000080700000, 0x0000000080700000| Untracked 
|   7|0x0000000080700000, 0x0000000080800000, 0x0000000080800000|100%| O|  |TAMS 0x0000000080800000, 0x0000000080800000| Untracked 
|   8|0x0000000080800000, 0x0000000080900000, 0x0000000080900000|100%| O|  |TAMS 0x0000000080900000, 0x0000000080900000| Untracked 
|   9|0x0000000080900000, 0x0000000080a00000, 0x0000000080a00000|100%| O|  |TAMS 0x0000000080a00000, 0x0000000080a00000| Untracked 
|  10|0x0000000080a00000, 0x0000000080b00000, 0x0000000080b00000|100%| O|  |TAMS 0x0000000080b00000, 0x0000000080b00000| Untracked 
|  11|0x0000000080b00000, 0x0000000080b40e00, 0x0000000080c00000| 25%| O|  |TAMS 0x0000000080b40e00, 0x0000000080b40e00| Untracked 
|  12|0x0000000080c00000, 0x0000000080d00000, 0x0000000080d00000|100%| O|  |TAMS 0x0000000080d00000, 0x0000000080d00000| Untracked 
|  13|0x0000000080d00000, 0x0000000080e00000, 0x0000000080e00000|100%| O|  |TAMS 0x0000000080e00000, 0x0000000080e00000| Untracked 
|  14|0x0000000080e00000, 0x0000000080f00000, 0x0000000080f00000|100%| O|  |TAMS 0x0000000080f00000, 0x0000000080f00000| Untracked 
|  15|0x0000000080f00000, 0x0000000081000000, 0x0000000081000000|100%| O|  |TAMS 0x0000000081000000, 0x0000000081000000| Untracked 
|  16|0x0000000081000000, 0x0000000081100000, 0x0000000081100000|100%| O|  |TAMS 0x0000000081100000, 0x0000000081100000| Untracked 
|  17|0x0000000081100000, 0x0000000081200000, 0x0000000081200000|100%| O|  |TAMS 0x0000000081200000, 0x0000000081200000| Untracked 
|  18|0x0000000081200000, 0x0000000081300000, 0x0000000081300000|100%| O|  |TAMS 0x0000000081300000, 0x0000000081300000| Untracked 
|  19|0x0000000081300000, 0x0000000081400000, 0x0000000081400000|100%| O|  |TAMS 0x0000000081400000, 0x0000000081400000| Untracked 
|  20|0x0000000081400000, 0x0000000081500000, 0x0000000081500000|100%| O|  |TAMS 0x0000000081500000, 0x0000000081500000| Untracked 
|  21|0x0000000081500000, 0x0000000081600000, 0x0000000081600000|100%| O|  |TAMS 0x0000000081600000, 0x0000000081600000| Untracked 
|  22|0x0000000081600000, 0x0000000081700000, 0x0000000081700000|100%| O|  |TAMS 0x0000000081700000, 0x0000000081700000| Untracked 
|  23|0x0000000081700000, 0x0000000081800000, 0x0000000081800000|100%| O|  |TAMS 0x0000000081800000, 0x0000000081800000| Untracked 
|  24|0x0000000081800000, 0x0000000081900000, 0x0000000081900000|100%| O|  |TAMS 0x0000000081900000, 0x0000000081900000| Untracked 
|  25|0x0000000081900000, 0x0000000081a00000, 0x0000000081a00000|100%| O|  |TAMS 0x0000000081a00000, 0x0000000081a00000| Untracked 
|  26|0x0000000081a00000, 0x0000000081b00000, 0x0000000081b00000|100%| O|  |TAMS 0x0000000081b00000, 0x0000000081b00000| Untracked 
|  27|0x0000000081b00000, 0x0000000081c00000, 0x0000000081c00000|100%| O|  |TAMS 0x0000000081c00000, 0x0000000081c00000| Untracked 
|  28|0x0000000081c00000, 0x0000000081d00000, 0x0000000081d00000|100%| O|  |TAMS 0x0000000081d00000, 0x0000000081d00000| Untracked 
|  29|0x0000000081d00000, 0x0000000081e00000, 0x0000000081e00000|100%| O|  |TAMS 0x0000000081e00000, 0x0000000081e00000| Untracked 
|  30|0x0000000081e00000, 0x0000000081f00000, 0x0000000081f00000|100%| O|  |TAMS 0x0000000081f00000, 0x0000000081f00000| Untracked 
|  31|0x0000000081f00000, 0x0000000082000000, 0x0000000082000000|100%| O|  |TAMS 0x0000000082000000, 0x0000000082000000| Untracked 
|  32|0x0000000082000000, 0x0000000082100000, 0x0000000082100000|100%| O|  |TAMS 0x0000000082100000, 0x0000000082100000| Untracked 
|  33|0x0000000082100000, 0x0000000082200000, 0x0000000082200000|100%|HS|  |TAMS 0x0000000082200000, 0x0000000082200000| Complete 
|  34|0x0000000082200000, 0x0000000082300000, 0x0000000082300000|100%|HS|  |TAMS 0x0000000082300000, 0x0000000082300000| Complete 
|  35|0x0000000082300000, 0x0000000082400000, 0x0000000082400000|100%| O|  |TAMS 0x0000000082300000, 0x0000000082400000| Untracked 
|  36|0x0000000082400000, 0x0000000082500000, 0x0000000082500000|100%| O|  |TAMS 0x0000000082500000, 0x0000000082500000| Untracked 
|  37|0x0000000082500000, 0x0000000082600000, 0x0000000082600000|100%| O|  |TAMS 0x0000000082600000, 0x0000000082600000| Untracked 
|  38|0x0000000082600000, 0x0000000082700000, 0x0000000082700000|100%| O|  |TAMS 0x0000000082700000, 0x0000000082700000| Untracked 
|  39|0x0000000082700000, 0x0000000082800000, 0x0000000082800000|100%| O|  |TAMS 0x0000000082800000, 0x0000000082800000| Untracked 
|  40|0x0000000082800000, 0x0000000082900000, 0x0000000082900000|100%| O|  |TAMS 0x0000000082900000, 0x0000000082900000| Untracked 
|  41|0x0000000082900000, 0x0000000082a00000, 0x0000000082a00000|100%| O|  |TAMS 0x0000000082925e00, 0x0000000082a00000| Untracked 
|  42|0x0000000082a00000, 0x0000000082b00000, 0x0000000082b00000|100%| O|  |TAMS 0x0000000082a00000, 0x0000000082b00000| Untracked 
|  43|0x0000000082b00000, 0x0000000082c00000, 0x0000000082c00000|100%| O|  |TAMS 0x0000000082b00000, 0x0000000082c00000| Untracked 
|  44|0x0000000082c00000, 0x0000000082d00000, 0x0000000082d00000|100%| O|  |TAMS 0x0000000082c00000, 0x0000000082cde400| Untracked 
|  45|0x0000000082d00000, 0x0000000082d30400, 0x0000000082e00000| 18%| O|  |TAMS 0x0000000082d00000, 0x0000000082d00000| Untracked 
|  46|0x0000000082e00000, 0x0000000082e00000, 0x0000000082f00000|  0%| F|  |TAMS 0x0000000082e00000, 0x0000000082e00000| Untracked 
|  47|0x0000000082f00000, 0x0000000082f00000, 0x0000000083000000|  0%| F|  |TAMS 0x0000000082f00000, 0x0000000082f00000| Untracked 
|  48|0x0000000083000000, 0x0000000083000000, 0x0000000083100000|  0%| F|  |TAMS 0x0000000083000000, 0x0000000083000000| Untracked 
|  49|0x0000000083100000, 0x0000000083100000, 0x0000000083200000|  0%| F|  |TAMS 0x0000000083100000, 0x0000000083100000| Untracked 
|  50|0x0000000083200000, 0x0000000083200000, 0x0000000083300000|  0%| F|  |TAMS 0x0000000083200000, 0x0000000083200000| Untracked 
|  51|0x0000000083300000, 0x0000000083300000, 0x0000000083400000|  0%| F|  |TAMS 0x0000000083300000, 0x0000000083300000| Untracked 
|  52|0x0000000083400000, 0x0000000083400000, 0x0000000083500000|  0%| F|  |TAMS 0x0000000083400000, 0x0000000083400000| Untracked 
|  53|0x0000000083500000, 0x0000000083500000, 0x0000000083600000|  0%| F|  |TAMS 0x0000000083500000, 0x0000000083500000| Untracked 
|  54|0x0000000083600000, 0x0000000083600000, 0x0000000083700000|  0%| F|  |TAMS 0x0000000083600000, 0x0000000083600000| Untracked 
|  55|0x0000000083700000, 0x0000000083700000, 0x0000000083800000|  0%| F|  |TAMS 0x0000000083700000, 0x0000000083700000| Untracked 
|  56|0x0000000083800000, 0x0000000083800000, 0x0000000083900000|  0%| F|  |TAMS 0x0000000083800000, 0x0000000083800000| Untracked 
|  57|0x0000000083900000, 0x0000000083900000, 0x0000000083a00000|  0%| F|  |TAMS 0x0000000083900000, 0x0000000083900000| Untracked 
|  58|0x0000000083a00000, 0x0000000083a00000, 0x0000000083b00000|  0%| F|  |TAMS 0x0000000083a00000, 0x0000000083a00000| Untracked 
|  59|0x0000000083b00000, 0x0000000083b00000, 0x0000000083c00000|  0%| F|  |TAMS 0x0000000083b00000, 0x0000000083b00000| Untracked 
|  60|0x0000000083c00000, 0x0000000083d00000, 0x0000000083d00000|100%| S|CS|TAMS 0x0000000083c00000, 0x0000000083c00000| Complete 
|  61|0x0000000083d00000, 0x0000000083e00000, 0x0000000083e00000|100%| S|CS|TAMS 0x0000000083d00000, 0x0000000083d00000| Complete 
|  62|0x0000000083e00000, 0x0000000083f00000, 0x0000000083f00000|100%| S|CS|TAMS 0x0000000083e00000, 0x0000000083e00000| Complete 
|  63|0x0000000083f00000, 0x0000000083f00000, 0x0000000084000000|  0%| F|  |TAMS 0x0000000083f00000, 0x0000000083f00000| Untracked 
|  64|0x0000000084000000, 0x0000000084000000, 0x0000000084100000|  0%| F|  |TAMS 0x0000000084000000, 0x0000000084000000| Untracked 
|  65|0x0000000084100000, 0x0000000084100000, 0x0000000084200000|  0%| F|  |TAMS 0x0000000084100000, 0x0000000084100000| Untracked 
|  66|0x0000000084200000, 0x0000000084200000, 0x0000000084300000|  0%| F|  |TAMS 0x0000000084200000, 0x0000000084200000| Untracked 
|  67|0x0000000084300000, 0x0000000084300000, 0x0000000084400000|  0%| F|  |TAMS 0x0000000084300000, 0x0000000084300000| Untracked 
|  68|0x0000000084400000, 0x0000000084400000, 0x0000000084500000|  0%| F|  |TAMS 0x0000000084400000, 0x0000000084400000| Untracked 
|  69|0x0000000084500000, 0x0000000084500000, 0x0000000084600000|  0%| F|  |TAMS 0x0000000084500000, 0x0000000084500000| Untracked 
|  70|0x0000000084600000, 0x0000000084600000, 0x0000000084700000|  0%| F|  |TAMS 0x0000000084600000, 0x0000000084600000| Untracked 
|  71|0x0000000084700000, 0x0000000084700000, 0x0000000084800000|  0%| F|  |TAMS 0x0000000084700000, 0x0000000084700000| Untracked 
|  72|0x0000000084800000, 0x0000000084800000, 0x0000000084900000|  0%| F|  |TAMS 0x0000000084800000, 0x0000000084800000| Untracked 
|  73|0x0000000084900000, 0x0000000084900000, 0x0000000084a00000|  0%| F|  |TAMS 0x0000000084900000, 0x0000000084900000| Untracked 
|  74|0x0000000084a00000, 0x0000000084a00000, 0x0000000084b00000|  0%| F|  |TAMS 0x0000000084a00000, 0x0000000084a00000| Untracked 
|  75|0x0000000084b00000, 0x0000000084b00000, 0x0000000084c00000|  0%| F|  |TAMS 0x0000000084b00000, 0x0000000084b00000| Untracked 
|  76|0x0000000084c00000, 0x0000000084c00000, 0x0000000084d00000|  0%| F|  |TAMS 0x0000000084c00000, 0x0000000084c00000| Untracked 
|  77|0x0000000084d00000, 0x0000000084d00000, 0x0000000084e00000|  0%| F|  |TAMS 0x0000000084d00000, 0x0000000084d00000| Untracked 
|  78|0x0000000084e00000, 0x0000000084e00000, 0x0000000084f00000|  0%| F|  |TAMS 0x0000000084e00000, 0x0000000084e00000| Untracked 
|  79|0x0000000084f00000, 0x0000000084f00000, 0x0000000085000000|  0%| F|  |TAMS 0x0000000084f00000, 0x0000000084f00000| Untracked 
|  80|0x0000000085000000, 0x0000000085000000, 0x0000000085100000|  0%| F|  |TAMS 0x0000000085000000, 0x0000000085000000| Untracked 
|  81|0x0000000085100000, 0x0000000085100000, 0x0000000085200000|  0%| F|  |TAMS 0x0000000085100000, 0x0000000085100000| Untracked 
|  82|0x0000000085200000, 0x0000000085200000, 0x0000000085300000|  0%| F|  |TAMS 0x0000000085200000, 0x0000000085200000| Untracked 
|  83|0x0000000085300000, 0x0000000085300000, 0x0000000085400000|  0%| F|  |TAMS 0x0000000085300000, 0x0000000085300000| Untracked 
| 125|0x0000000087d00000, 0x0000000087d00000, 0x0000000087e00000|  0%| F|  |TAMS 0x0000000087d00000, 0x0000000087d00000| Untracked 

Card table byte_map: [0x0000028a9fec0000,0x0000028aa02c0000] _byte_map_base: 0x0000028a9fac0000

Marking Bits (Prev, Next): (CMBitMap*) 0x0000028a8d655c80, (CMBitMap*) 0x0000028a8d655c40
 Prev Bits: [0x0000028aa26c0000, 0x0000028aa46c0000)
 Next Bits: [0x0000028aa06c0000, 0x0000028aa26c0000)

Polling page: 0x0000028a8cdc0000

Metaspace:

Usage:
  Non-class:     52.89 MB used.
      Class:      8.05 MB used.
       Both:     60.94 MB used.

Virtual space:
  Non-class space:       56.00 MB reserved,      53.19 MB ( 95%) committed,  7 nodes.
      Class space:        1.00 GB reserved,       8.25 MB ( <1%) committed,  1 nodes.
             Both:        1.05 GB reserved,      61.44 MB (  6%) committed. 

Chunk freelists:
   Non-Class:  2.35 MB
       Class:  3.64 MB
        Both:  5.99 MB

MaxMetaspaceSize: unlimited
CompressedClassSpaceSize: 1.00 GB
Initial GC threshold: 21.00 MB
Current GC threshold: 92.19 MB
CDS: off
MetaspaceReclaimPolicy: balanced
 - commit_granule_bytes: 65536.
 - commit_granule_words: 8192.
 - virtual_space_node_default_size: 1048576.
 - enlarge_chunks_in_place: 1.
 - new_chunks_are_fully_committed: 0.
 - uncommit_free_chunks: 1.
 - use_allocation_guard: 0.
 - handle_deallocations: 1.


Internal statistics:

num_allocs_failed_limit: 6.
num_arena_births: 588.
num_arena_deaths: 0.
num_vsnodes_births: 8.
num_vsnodes_deaths: 0.
num_space_committed: 983.
num_space_uncommitted: 0.
num_chunks_returned_to_freelist: 6.
num_chunks_taken_from_freelist: 2572.
num_chunk_merges: 6.
num_chunk_splits: 1717.
num_chunks_enlarged: 1167.
num_purges: 0.
num_inconsistent_stats: 0.

CodeHeap 'non-profiled nmethods': size=120000Kb used=2659Kb max_used=3528Kb free=117340Kb
 bounds [0x0000028a98590000, 0x0000028a98910000, 0x0000028a9fac0000]
CodeHeap 'profiled nmethods': size=120000Kb used=10370Kb max_used=12465Kb free=109629Kb
 bounds [0x0000028a90ac0000, 0x0000028a916f0000, 0x0000028a97ff0000]
CodeHeap 'non-nmethods': size=5760Kb used=2340Kb max_used=2421Kb free=3420Kb
 bounds [0x0000028a97ff0000, 0x0000028a98260000, 0x0000028a98590000]
 total_blobs=6231 nmethods=5368 adapters=774
 compilation: enabled
              stopped_count=0, restarted_count=0
 full_count=0

Compilation events (20 events):
Event: 7.971 Thread 0x0000028aa742d400 6199       3       java.math.BigInteger::squareToLen (33 bytes)
Event: 7.972 Thread 0x0000028aa742d400 nmethod 6199 0x0000028a90dd0990 code [0x0000028a90dd0b40, 0x0000028a90dd0dd8]
Event: 7.974 Thread 0x0000028aa742d400 6200       3       java.math.BigInteger::multiplyToLenCheck (28 bytes)
Event: 7.974 Thread 0x0000028aa742d400 nmethod 6200 0x0000028a90c6fd90 code [0x0000028a90c6ff60, 0x0000028a90c70318]
Event: 7.980 Thread 0x0000028aa742d400 6201       3       java.math.BigInteger::trustedStripLeadingZeroInts (37 bytes)
Event: 7.980 Thread 0x0000028aa742d400 nmethod 6201 0x0000028a90b29890 code [0x0000028a90b29a40, 0x0000028a90b29ca8]
Event: 7.981 Thread 0x0000028aa742d400 6203       3       java.util.regex.ASCII::isUpper (18 bytes)
Event: 7.981 Thread 0x0000028aa742d400 nmethod 6203 0x0000028a90b2ea10 code [0x0000028a90b2eba0, 0x0000028a90b2ecf8]
Event: 7.981 Thread 0x0000028aa742d400 6202       3       java.util.regex.ASCII::toLower (16 bytes)
Event: 7.981 Thread 0x0000028aa742d400 nmethod 6202 0x0000028a90cd1f90 code [0x0000028a90cd2120, 0x0000028a90cd2318]
Event: 7.985 Thread 0x0000028aa742d400 6204       3       sun.security.util.SignatureFileVerifier::updateSigners (132 bytes)
Event: 7.986 Thread 0x0000028aa742d400 nmethod 6204 0x0000028a910f1f90 code [0x0000028a910f2240, 0x0000028a910f31d8]
Event: 7.986 Thread 0x0000028aa742d400 6205       3       sun.security.util.SignatureFileVerifier::matches (93 bytes)
Event: 7.987 Thread 0x0000028aa742d400 nmethod 6205 0x0000028a90ac0010 code [0x0000028a90ac0240, 0x0000028a90ac0af8]
Event: 7.987 Thread 0x0000028aa742d400 6206       3       java.security.Provider$UString::hashCode (8 bytes)
Event: 7.987 Thread 0x0000028aa742d400 nmethod 6206 0x0000028a90cc1010 code [0x0000028a90cc11c0, 0x0000028a90cc1308]
Event: 7.987 Thread 0x0000028aa742d400 6207       3       sun.security.util.SecurityProviderConstants::getAliases (65 bytes)
Event: 7.988 Thread 0x0000028aa742d400 nmethod 6207 0x0000028a9158bb10 code [0x0000028a9158bd80, 0x0000028a9158c688]
Event: 7.988 Thread 0x0000028aa742d400 6208       3       java.util.concurrent.locks.AbstractQueuedSynchronizer$ConditionObject::unlinkCancelledWaiters (91 bytes)
Event: 7.988 Thread 0x0000028aa742d400 nmethod 6208 0x0000028a90b11f90 code [0x0000028a90b12160, 0x0000028a90b12618]

GC Heap History (20 events):
Event: 3.666 GC heap after
{Heap after GC invocations=8 (full 0):
 garbage-first heap   total 68608K, used 23422K [0x0000000080000000, 0x0000000100000000)
  region size 1024K, 4 young (4096K), 4 survivors (4096K)
 Metaspace       used 34934K, committed 35264K, reserved 1081344K
  class space    used 4832K, committed 4992K, reserved 1048576K
}
Event: 3.907 GC heap before
{Heap before GC invocations=8 (full 0):
 garbage-first heap   total 68608K, used 25470K [0x0000000080000000, 0x0000000100000000)
  region size 1024K, 8 young (8192K), 4 survivors (4096K)
 Metaspace       used 35649K, committed 35968K, reserved 1081344K
  class space    used 4874K, committed 5056K, reserved 1048576K
}
Event: 3.911 GC heap after
{Heap after GC invocations=9 (full 0):
 garbage-first heap   total 68608K, used 24120K [0x0000000080000000, 0x0000000100000000)
  region size 1024K, 3 young (3072K), 3 survivors (3072K)
 Metaspace       used 35649K, committed 35968K, reserved 1081344K
  class space    used 4874K, committed 5056K, reserved 1048576K
}
Event: 4.635 GC heap before
{Heap before GC invocations=10 (full 0):
 garbage-first heap   total 68608K, used 50744K [0x0000000080000000, 0x0000000100000000)
  region size 1024K, 30 young (30720K), 3 survivors (3072K)
 Metaspace       used 40378K, committed 40704K, reserved 1089536K
  class space    used 5353K, committed 5504K, reserved 1048576K
}
Event: 4.641 GC heap after
{Heap after GC invocations=11 (full 0):
 garbage-first heap   total 68608K, used 27864K [0x0000000080000000, 0x0000000100000000)
  region size 1024K, 4 young (4096K), 4 survivors (4096K)
 Metaspace       used 40378K, committed 40704K, reserved 1089536K
  class space    used 5353K, committed 5504K, reserved 1048576K
}
Event: 4.946 GC heap before
{Heap before GC invocations=11 (full 0):
 garbage-first heap   total 68608K, used 54488K [0x0000000080000000, 0x0000000100000000)
  region size 1024K, 27 young (27648K), 4 survivors (4096K)
 Metaspace       used 42565K, committed 42880K, reserved 1089536K
  class space    used 5564K, committed 5696K, reserved 1048576K
}
Event: 4.953 GC heap after
{Heap after GC invocations=12 (full 0):
 garbage-first heap   total 68608K, used 30124K [0x0000000080000000, 0x0000000100000000)
  region size 1024K, 3 young (3072K), 3 survivors (3072K)
 Metaspace       used 42565K, committed 42880K, reserved 1089536K
  class space    used 5564K, committed 5696K, reserved 1048576K
}
Event: 5.291 GC heap before
{Heap before GC invocations=12 (full 0):
 garbage-first heap   total 68608K, used 51628K [0x0000000080000000, 0x0000000100000000)
  region size 1024K, 24 young (24576K), 3 survivors (3072K)
 Metaspace       used 44682K, committed 45056K, reserved 1089536K
  class space    used 5907K, committed 6080K, reserved 1048576K
}
Event: 5.299 GC heap after
{Heap after GC invocations=13 (full 0):
 garbage-first heap   total 82944K, used 32422K [0x0000000080000000, 0x0000000100000000)
  region size 1024K, 3 young (3072K), 3 survivors (3072K)
 Metaspace       used 44682K, committed 45056K, reserved 1089536K
  class space    used 5907K, committed 6080K, reserved 1048576K
}
Event: 5.794 GC heap before
{Heap before GC invocations=13 (full 0):
 garbage-first heap   total 82944K, used 62118K [0x0000000080000000, 0x0000000100000000)
  region size 1024K, 32 young (32768K), 3 survivors (3072K)
 Metaspace       used 49177K, committed 49600K, reserved 1097728K
  class space    used 6489K, committed 6656K, reserved 1048576K
}
Event: 5.798 GC heap after
{Heap after GC invocations=14 (full 0):
 garbage-first heap   total 82944K, used 33487K [0x0000000080000000, 0x0000000100000000)
  region size 1024K, 4 young (4096K), 4 survivors (4096K)
 Metaspace       used 49177K, committed 49600K, reserved 1097728K
  class space    used 6489K, committed 6656K, reserved 1048576K
}
Event: 6.367 GC heap before
{Heap before GC invocations=14 (full 0):
 garbage-first heap   total 82944K, used 63183K [0x0000000080000000, 0x0000000100000000)
  region size 1024K, 33 young (33792K), 4 survivors (4096K)
 Metaspace       used 51399K, committed 51840K, reserved 1097728K
  class space    used 6783K, committed 6976K, reserved 1048576K
}
Event: 6.374 GC heap after
{Heap after GC invocations=15 (full 0):
 garbage-first heap   total 82944K, used 36291K [0x0000000080000000, 0x0000000100000000)
  region size 1024K, 5 young (5120K), 5 survivors (5120K)
 Metaspace       used 51399K, committed 51840K, reserved 1097728K
  class space    used 6783K, committed 6976K, reserved 1048576K
}
Event: 6.852 GC heap before
{Heap before GC invocations=15 (full 0):
 garbage-first heap   total 82944K, used 64963K [0x0000000080000000, 0x0000000100000000)
  region size 1024K, 31 young (31744K), 5 survivors (5120K)
 Metaspace       used 53098K, committed 53568K, reserved 1097728K
  class space    used 6998K, committed 7232K, reserved 1048576K
}
Event: 6.858 GC heap after
{Heap after GC invocations=16 (full 0):
 garbage-first heap   total 82944K, used 44443K [0x0000000080000000, 0x0000000100000000)
  region size 1024K, 4 young (4096K), 4 survivors (4096K)
 Metaspace       used 53098K, committed 53568K, reserved 1097728K
  class space    used 6998K, committed 7232K, reserved 1048576K
}
Event: 7.149 GC heap before
{Heap before GC invocations=16 (full 0):
 garbage-first heap   total 82944K, used 61851K [0x0000000080000000, 0x0000000100000000)
  region size 1024K, 21 young (21504K), 4 survivors (4096K)
 Metaspace       used 55545K, committed 56000K, reserved 1105920K
  class space    used 7351K, committed 7552K, reserved 1048576K
}
Event: 7.152 GC heap after
{Heap after GC invocations=17 (full 0):
 garbage-first heap   total 82944K, used 46013K [0x0000000080000000, 0x0000000100000000)
  region size 1024K, 1 young (1024K), 1 survivors (1024K)
 Metaspace       used 55545K, committed 56000K, reserved 1105920K
  class space    used 7351K, committed 7552K, reserved 1048576K
}
Event: 7.458 GC heap before
{Heap before GC invocations=18 (full 0):
 garbage-first heap   total 86016K, used 63421K [0x0000000080000000, 0x0000000100000000)
  region size 1024K, 19 young (19456K), 1 survivors (1024K)
 Metaspace       used 58443K, committed 58944K, reserved 1105920K
  class space    used 7720K, committed 7936K, reserved 1048576K
}
Event: 7.461 GC heap after
{Heap after GC invocations=19 (full 0):
 garbage-first heap   total 86016K, used 46550K [0x0000000080000000, 0x0000000100000000)
  region size 1024K, 2 young (2048K), 2 survivors (2048K)
 Metaspace       used 58443K, committed 58944K, reserved 1105920K
  class space    used 7720K, committed 7936K, reserved 1048576K
}
Event: 7.992 GC heap before
{Heap before GC invocations=19 (full 0):
 garbage-first heap   total 86016K, used 64982K [0x0000000080000000, 0x0000000100000000)
  region size 1024K, 21 young (21504K), 2 survivors (2048K)
 Metaspace       used 62403K, committed 62912K, reserved 1105920K
  class space    used 8244K, committed 8448K, reserved 1048576K
}

Dll operation events (2 events):
Event: 0.005 Loaded shared library E:\Installed Program\Android Studio\jbr\bin\java.dll
Event: 0.316 Loaded shared library E:\Installed Program\Android Studio\jbr\bin\verify.dll

Deoptimization events (20 events):
Event: 7.988 Thread 0x0000028aa9e6c460 Uncommon trap: trap_request=0xffffff45 fr.pc=0x0000028a988afa04 relative=0x00000000000001e4
Event: 7.988 Thread 0x0000028aa9e6c460 Uncommon trap: reason=unstable_if action=reinterpret pc=0x0000028a988afa04 method=java.util.jar.JarFile.maybeInstantiateVerifier()V @ 4 c2
Event: 7.988 Thread 0x0000028aa9e6c460 DEOPT PACKING pc=0x0000028a988afa04 sp=0x000000ba2f4f17b0
Event: 7.988 Thread 0x0000028aa9e6c460 DEOPT UNPACKING pc=0x0000028a980469a3 sp=0x000000ba2f4f16f0 mode 2
Event: 7.988 Thread 0x0000028aa9e6c460 Uncommon trap: trap_request=0xffffff45 fr.pc=0x0000028a987c8ba4 relative=0x0000000000000204
Event: 7.988 Thread 0x0000028aa9e6c460 Uncommon trap: reason=unstable_if action=reinterpret pc=0x0000028a987c8ba4 method=java.util.jar.JarFile.maybeInstantiateVerifier()V @ 4 c2
Event: 7.988 Thread 0x0000028aa9e6c460 DEOPT PACKING pc=0x0000028a987c8ba4 sp=0x000000ba2f4f17f0
Event: 7.988 Thread 0x0000028aa9e6c460 DEOPT UNPACKING pc=0x0000028a980469a3 sp=0x000000ba2f4f1748 mode 2
Event: 7.989 Thread 0x0000028aa9e6c460 Uncommon trap: trap_request=0xffffff45 fr.pc=0x0000028a9867cf20 relative=0x0000000000000080
Event: 7.989 Thread 0x0000028aa9e6c460 Uncommon trap: reason=unstable_if action=reinterpret pc=0x0000028a9867cf20 method=java.util.jar.JarFile.maybeInstantiateVerifier()V @ 4 c2
Event: 7.989 Thread 0x0000028aa9e6c460 DEOPT PACKING pc=0x0000028a9867cf20 sp=0x000000ba2f4f17d0
Event: 7.989 Thread 0x0000028aa9e6c460 DEOPT UNPACKING pc=0x0000028a980469a3 sp=0x000000ba2f4f1760 mode 2
Event: 7.989 Thread 0x0000028aa9e6c460 Uncommon trap: trap_request=0xffffff45 fr.pc=0x0000028a9879c7a0 relative=0x0000000000001640
Event: 7.989 Thread 0x0000028aa9e6c460 Uncommon trap: reason=unstable_if action=reinterpret pc=0x0000028a9879c7a0 method=java.security.CodeSource.matchCerts(Ljava/security/CodeSource;Z)Z @ 11 c2
Event: 7.989 Thread 0x0000028aa9e6c460 DEOPT PACKING pc=0x0000028a9879c7a0 sp=0x000000ba2f4f1740
Event: 7.989 Thread 0x0000028aa9e6c460 DEOPT UNPACKING pc=0x0000028a980469a3 sp=0x000000ba2f4f15b0 mode 2
Event: 7.989 Thread 0x0000028aa9e6c460 Uncommon trap: trap_request=0xffffff54 fr.pc=0x0000028a98758d88 relative=0x0000000000000928
Event: 7.989 Thread 0x0000028aa9e6c460 Uncommon trap: reason=speculate_null_assert action=make_not_entrant pc=0x0000028a98758d88 method=java.util.jar.JarFile.getVersionedEntry(Ljava/lang/String;Ljava/util/jar/JarEntry;)Ljava/util/jar/JarEntry; @ 115 c2
Event: 7.989 Thread 0x0000028aa9e6c460 DEOPT PACKING pc=0x0000028a98758d88 sp=0x000000ba2f4f3260
Event: 7.989 Thread 0x0000028aa9e6c460 DEOPT UNPACKING pc=0x0000028a980469a3 sp=0x000000ba2f4f3228 mode 2

Classes unloaded (0 events):
No events

Classes redefined (0 events):
No events

Internal exceptions (20 events):
Event: 6.539 Thread 0x0000028aa8ce6cd0 Exception <a 'java/lang/NoSuchMethodError'{0x0000000084c7fa48}: static Lorg/gradle/internal/build/event/types/DefaultOperationFinishedProgressEvent;.<clinit>()V> (0x0000000084c7fa48) 
thrown [s\src\hotspot\share\prims\jni.cpp, line 1108]
Event: 6.542 Thread 0x0000028aa8ce6cd0 Exception <a 'java/lang/NoSuchMethodError'{0x0000000084ca5850}: static Lorg/gradle/internal/build/event/types/DefaultProjectConfigurationSuccessResult;.<clinit>()V> (0x0000000084ca5850) 
thrown [s\src\hotspot\share\prims\jni.cpp, line 1108]
Event: 6.542 Thread 0x0000028aa8ce6cd0 Exception <a 'java/lang/NoSuchMethodError'{0x0000000084ca6de0}: static Lorg/gradle/internal/build/event/types/AbstractProjectConfigurationResult;.<clinit>()V> (0x0000000084ca6de0) 
thrown [s\src\hotspot\share\prims\jni.cpp, line 1108]
Event: 6.542 Thread 0x0000028aa8ce6cd0 Exception <a 'java/lang/NoSuchMethodError'{0x0000000084ca8300}: static Lorg/gradle/internal/build/event/types/AbstractOperationResult;.<clinit>()V> (0x0000000084ca8300) 
thrown [s\src\hotspot\share\prims\jni.cpp, line 1108]
Event: 6.542 Thread 0x0000028aa8ce6cd0 Exception <a 'java/lang/NoSuchMethodError'{0x0000000084ca9528}: static Lorg/gradle/internal/build/event/types/AbstractResult;.<clinit>()V> (0x0000000084ca9528) 
thrown [s\src\hotspot\share\prims\jni.cpp, line 1108]
Event: 6.544 Thread 0x0000028aa8ce6cd0 Exception <a 'java/lang/NoSuchMethodError'{0x0000000084cbf890}: static Lorg/gradle/internal/build/event/types/DefaultPluginApplicationResult;.<clinit>()V> (0x0000000084cbf890) 
thrown [s\src\hotspot\share\prims\jni.cpp, line 1108]
Event: 6.545 Thread 0x0000028aa8ce6cd0 Exception <a 'java/lang/NoSuchMethodError'{0x0000000084ccaf90}: static Lorg/gradle/internal/build/event/types/DefaultBinaryPluginIdentifier;.<clinit>()V> (0x0000000084ccaf90) 
thrown [s\src\hotspot\share\prims\jni.cpp, line 1108]
Event: 6.546 Thread 0x0000028aa8ce6cd0 Exception <a 'java/lang/NoSuchMethodError'{0x0000000084ce10b0}: static Lorg/gradle/internal/build/event/types/DefaultScriptPluginIdentifier;.<clinit>()V> (0x0000000084ce10b0) 
thrown [s\src\hotspot\share\prims\jni.cpp, line 1108]
Event: 6.576 Thread 0x0000028aa9e6c460 Exception <a 'java/lang/ClassNotFoundException'{0x000000008474e968}: build_7truz4zgjept33lua1ewta0hqBeanInfo> (0x000000008474e968) 
thrown [s\src\hotspot\share\classfile\systemDictionary.cpp, line 256]
Event: 6.576 Thread 0x0000028aa9e6c460 Exception <a 'java/lang/ClassNotFoundException'{0x00000000847551e8}: build_7truz4zgjept33lua1ewta0hqCustomizer> (0x00000000847551e8) 
thrown [s\src\hotspot\share\classfile\systemDictionary.cpp, line 256]
Event: 6.722 Thread 0x0000028aa9e6c460 Exception <a 'java/lang/ClassNotFoundException'{0x0000000083f539a8}: org/gradle/api/internal/plugins/DefaultObjectConfigurationActionBeanInfo> (0x0000000083f539a8) 
thrown [s\src\hotspot\share\classfile\systemDictionary.cpp, line 256]
Event: 6.724 Thread 0x0000028aa9e6c460 Exception <a 'java/lang/ClassNotFoundException'{0x0000000083f65d40}: org/gradle/api/internal/plugins/DefaultObjectConfigurationActionCustomizer> (0x0000000083f65d40) 
thrown [s\src\hotspot\share\classfile\systemDictionary.cpp, line 256]
Event: 6.890 Thread 0x0000028aa9e6c460 Exception <a 'java/lang/NoSuchMethodError'{0x0000000085218388}: 'java.lang.Object java.lang.invoke.DirectMethodHandle$Holder.newInvokeSpecial(java.lang.Object, java.lang.Object, java.lang.Object, java.lang.Object, int)'> (0x0000000085218388) 
thrown [s\src\hotspot\share\interpreter\linkResolver.cpp, line 771]
Event: 6.890 Thread 0x0000028aa9e6c460 Exception <a 'java/lang/NoSuchMethodError'{0x000000008521d528}: 'java.lang.Object java.lang.invoke.DirectMethodHandle$Holder.invokeSpecial(java.lang.Object, java.lang.Object, java.lang.Object, java.lang.Object, java.lang.Object, int)'> (0x000000008521d528) 
thrown [s\src\hotspot\share\interpreter\linkResolver.cpp, line 771]
Event: 6.890 Thread 0x0000028aa9e6c460 Exception <a 'java/lang/NoSuchMethodError'{0x0000000085222000}: 'java.lang.Object java.lang.invoke.Invokers$Holder.linkToTargetMethod(java.lang.Object, java.lang.Object, java.lang.Object, int, java.lang.Object)'> (0x0000000085222000) 
thrown [s\src\hotspot\share\interpreter\linkResolver.cpp, line 771]
Event: 7.127 Thread 0x0000028aa9e6c460 Exception <a 'java/lang/NoSuchMethodError'{0x00000000841a4560}: 'int java.lang.invoke.DirectMethodHandle$Holder.invokeInterface(java.lang.Object, java.lang.Object, java.lang.Object, java.lang.Object)'> (0x00000000841a4560) 
thrown [s\src\hotspot\share\interpreter\linkResolver.cpp, line 771]
Event: 7.518 Thread 0x0000028aa9e6c460 Implicit null exception at 0x0000028a988d21c0 to 0x0000028a988d38c7
Event: 7.626 Thread 0x0000028aa9e6c460 Exception <a 'java/lang/IncompatibleClassChangeError'{0x00000000850ee380}: Found class java.lang.Object, but interface was expected> (0x00000000850ee380) 
thrown [s\src\hotspot\share\interpreter\linkResolver.cpp, line 838]
Event: 7.713 Thread 0x0000028aa9e6c460 Implicit null exception at 0x0000028a988391c9 to 0x0000028a9883aebc
Event: 7.908 Thread 0x0000028aa9e6c460 Implicit null exception at 0x0000028a9872658c to 0x0000028a987266c6

VM Operations (20 events):
Event: 7.126 Executing VM operation: HandshakeAllThreads done
Event: 7.149 Executing VM operation: G1CollectForAllocation
Event: 7.152 Executing VM operation: G1CollectForAllocation done
Event: 7.214 Executing VM operation: G1Concurrent
Event: 7.218 Executing VM operation: G1Concurrent done
Event: 7.246 Executing VM operation: G1Concurrent
Event: 7.246 Executing VM operation: G1Concurrent done
Event: 7.458 Executing VM operation: G1CollectForAllocation
Event: 7.461 Executing VM operation: G1CollectForAllocation done
Event: 7.870 Executing VM operation: HandshakeAllThreads
Event: 7.870 Executing VM operation: HandshakeAllThreads done
Event: 7.917 Executing VM operation: HandshakeAllThreads
Event: 7.917 Executing VM operation: HandshakeAllThreads done
Event: 7.918 Executing VM operation: HandshakeAllThreads
Event: 7.918 Executing VM operation: HandshakeAllThreads done
Event: 7.934 Executing VM operation: HandshakeAllThreads
Event: 7.935 Executing VM operation: HandshakeAllThreads done
Event: 7.945 Executing VM operation: HandshakeAllThreads
Event: 7.945 Executing VM operation: HandshakeAllThreads done
Event: 7.992 Executing VM operation: G1TryInitiateConcMark

Events (20 events):
Event: 7.960 loading class java/security/cert/CertPathValidatorException$BasicReason
Event: 7.960 loading class java/security/cert/CertPathValidatorException$Reason
Event: 7.960 loading class java/security/cert/CertPathValidatorException$Reason done
Event: 7.960 loading class java/security/cert/CertPathValidatorException$BasicReason done
Event: 7.960 loading class java/security/SignatureException
Event: 7.960 loading class java/security/SignatureException done
Event: 7.963 loading class sun/security/rsa/RSASignature$SHA256withRSA
Event: 7.963 loading class sun/security/rsa/RSASignature$SHA256withRSA done
Event: 7.965 loading class sun/security/provider/DSA$SHA256withDSA
Event: 7.965 loading class sun/security/provider/DSA$SHA256withDSA done
Event: 7.984 loading class java/util/Base64
Event: 7.984 loading class java/util/Base64 done
Event: 7.985 loading class java/util/Base64$Decoder
Event: 7.985 loading class java/util/Base64$Decoder done
Event: 7.985 loading class java/util/Base64$Encoder
Event: 7.985 loading class java/util/Base64$Encoder done
Event: 7.986 loading class java/util/jar/JarVerifier$VerifierStream
Event: 7.986 loading class java/util/jar/JarVerifier$VerifierStream done
Event: 7.986 loading class sun/security/util/ManifestEntryVerifier$SunProviderHolder
Event: 7.986 loading class sun/security/util/ManifestEntryVerifier$SunProviderHolder done


Dynamic libraries:
0x00007ff6baa40000 - 0x00007ff6baa4a000 	E:\Installed Program\Android Studio\jbr\bin\java.exe
0x00007ffa4eef0000 - 0x00007ffa4f0e8000 	C:\Windows\SYSTEM32\ntdll.dll
0x00007ffa4d8b0000 - 0x00007ffa4d96d000 	C:\Windows\System32\KERNEL32.DLL
0x00007ffa4c5d0000 - 0x00007ffa4c8c6000 	C:\Windows\System32\KERNELBASE.dll
0x00007ffa469a0000 - 0x00007ffa46a31000 	C:\Windows\SYSTEM32\apphelp.dll
0x00007ffa4caf0000 - 0x00007ffa4cbf0000 	C:\Windows\System32\ucrtbase.dll
0x00007ffa34bc0000 - 0x00007ffa34bdb000 	E:\Installed Program\Android Studio\jbr\bin\VCRUNTIME140.dll
0x00007ffa2f920000 - 0x00007ffa2f937000 	E:\Installed Program\Android Studio\jbr\bin\jli.dll
0x00007ffa4d080000 - 0x00007ffa4d21e000 	C:\Windows\System32\USER32.dll
0x00007ffa29d20000 - 0x00007ffa29fba000 	C:\Windows\WinSxS\amd64_microsoft.windows.common-controls_6595b64144ccf1df_6.0.19041.1110_none_60b5254171f9507e\COMCTL32.dll
0x00007ffa4d2d0000 - 0x00007ffa4d36e000 	C:\Windows\System32\msvcrt.dll
0x00007ffa4cf20000 - 0x00007ffa4cf42000 	C:\Windows\System32\win32u.dll
0x00007ffa4d050000 - 0x00007ffa4d07c000 	C:\Windows\System32\GDI32.dll
0x00007ffa4cd70000 - 0x00007ffa4ce8a000 	C:\Windows\System32\gdi32full.dll
0x00007ffa4cca0000 - 0x00007ffa4cd3d000 	C:\Windows\System32\msvcp_win.dll
0x00007ffa4ed50000 - 0x00007ffa4ed80000 	C:\Windows\System32\IMM32.DLL
0x00007ffa44530000 - 0x00007ffa4453c000 	E:\Installed Program\Android Studio\jbr\bin\vcruntime140_1.dll
0x00007ffa2f5a0000 - 0x00007ffa2f62d000 	E:\Installed Program\Android Studio\jbr\bin\msvcp140.dll
0x00007ffa2c650000 - 0x00007ffa2d2be000 	E:\Installed Program\Android Studio\jbr\bin\server\jvm.dll
0x00007ffa4d220000 - 0x00007ffa4d2ce000 	C:\Windows\System32\ADVAPI32.dll
0x00007ffa4cf50000 - 0x00007ffa4cfec000 	C:\Windows\System32\sechost.dll
0x00007ffa4dcd0000 - 0x00007ffa4ddf6000 	C:\Windows\System32\RPCRT4.dll
0x00007ffa45080000 - 0x00007ffa45089000 	C:\Windows\SYSTEM32\WSOCK32.dll
0x00007ffa364a0000 - 0x00007ffa364c7000 	C:\Windows\SYSTEM32\WINMM.dll
0x00007ffa4dc60000 - 0x00007ffa4dccb000 	C:\Windows\System32\WS2_32.dll
0x00007ffa43610000 - 0x00007ffa4361a000 	C:\Windows\SYSTEM32\VERSION.dll
0x00007ffa4adf0000 - 0x00007ffa4ae02000 	C:\Windows\SYSTEM32\kernel.appcore.dll
0x00007ffa3fad0000 - 0x00007ffa3fada000 	E:\Installed Program\Android Studio\jbr\bin\jimage.dll
0x00007ffa47310000 - 0x00007ffa474f4000 	C:\Windows\SYSTEM32\DBGHELP.DLL
0x00007ffa35950000 - 0x00007ffa35984000 	C:\Windows\SYSTEM32\dbgcore.DLL
0x00007ffa4ce90000 - 0x00007ffa4cf12000 	C:\Windows\System32\bcryptPrimitives.dll
0x00007ffa30860000 - 0x00007ffa30885000 	E:\Installed Program\Android Studio\jbr\bin\java.dll
0x00007ffa30840000 - 0x00007ffa30858000 	E:\Installed Program\Android Studio\jbr\bin\zip.dll
0x00007ffa4e4d0000 - 0x00007ffa4ec15000 	C:\Windows\System32\SHELL32.dll
0x00007ffa47500000 - 0x00007ffa47c9b000 	C:\Windows\SYSTEM32\windows.storage.dll
0x00007ffa4df50000 - 0x00007ffa4e2a4000 	C:\Windows\System32\combase.dll
0x00007ffa4bf90000 - 0x00007ffa4bfbe000 	C:\Windows\SYSTEM32\Wldp.dll
0x00007ffa4ed80000 - 0x00007ffa4ee2d000 	C:\Windows\System32\SHCORE.dll
0x00007ffa4db50000 - 0x00007ffa4dba5000 	C:\Windows\System32\shlwapi.dll
0x00007ffa4c500000 - 0x00007ffa4c525000 	C:\Windows\SYSTEM32\profapi.dll
0x00007ffa300c0000 - 0x00007ffa300d9000 	E:\Installed Program\Android Studio\jbr\bin\net.dll
0x00007ffa3fda0000 - 0x00007ffa3feaa000 	C:\Windows\SYSTEM32\WINHTTP.dll
0x00007ffa4bd00000 - 0x00007ffa4bd6a000 	C:\Windows\system32\mswsock.dll
0x00007ffa300a0000 - 0x00007ffa300b6000 	E:\Installed Program\Android Studio\jbr\bin\nio.dll
0x00007ffa3e330000 - 0x00007ffa3e340000 	E:\Installed Program\Android Studio\jbr\bin\verify.dll
0x00007ffa2f630000 - 0x00007ffa2f657000 	C:\Users\ACER\.gradle\native\68d5fa5c4cc2d200863cafc0d521ce42e7d3e7ee720ec0a83991735586a16f82\windows-amd64\native-platform.dll
0x00007ffa2f450000 - 0x00007ffa2f594000 	C:\Users\ACER\.gradle\native\e376f236ea51e6404a007f0833ffe2c6e607c4080706a723a18a27aeea778392\windows-amd64\native-platform-file-events.dll
0x00007ffa37530000 - 0x00007ffa37539000 	E:\Installed Program\Android Studio\jbr\bin\management.dll
0x00007ffa32b20000 - 0x00007ffa32b2b000 	E:\Installed Program\Android Studio\jbr\bin\management_ext.dll
0x00007ffa4db40000 - 0x00007ffa4db48000 	C:\Windows\System32\PSAPI.DLL
0x00007ffa4bef0000 - 0x00007ffa4bf08000 	C:\Windows\SYSTEM32\CRYPTSP.dll
0x00007ffa4b610000 - 0x00007ffa4b644000 	C:\Windows\system32\rsaenh.dll
0x00007ffa4cd40000 - 0x00007ffa4cd67000 	C:\Windows\System32\bcrypt.dll
0x00007ffa4c4c0000 - 0x00007ffa4c4ee000 	C:\Windows\SYSTEM32\USERENV.dll
0x00007ffa4c350000 - 0x00007ffa4c35c000 	C:\Windows\SYSTEM32\CRYPTBASE.dll
0x00007ffa4b9f0000 - 0x00007ffa4ba2b000 	C:\Windows\SYSTEM32\IPHLPAPI.DLL
0x00007ffa4db30000 - 0x00007ffa4db38000 	C:\Windows\System32\NSI.dll
0x00007ffa40850000 - 0x00007ffa40867000 	C:\Windows\SYSTEM32\dhcpcsvc6.DLL
0x00007ffa40a60000 - 0x00007ffa40a7d000 	C:\Windows\SYSTEM32\dhcpcsvc.DLL
0x00007ffa4ba30000 - 0x00007ffa4bafa000 	C:\Windows\SYSTEM32\DNSAPI.dll
0x00007ffa23870000 - 0x00007ffa23877000 	C:\Windows\system32\wshunix.dll

dbghelp: loaded successfully - version: 4.0.5 - missing functions: none
symbol engine: initialized successfully - sym options: 0x614 - pdb path: .;E:\Installed Program\Android Studio\jbr\bin;C:\Windows\SYSTEM32;C:\Windows\WinSxS\amd64_microsoft.windows.common-controls_6595b64144ccf1df_6.0.19041.1110_none_60b5254171f9507e;E:\Installed Program\Android Studio\jbr\bin\server;C:\Users\ACER\.gradle\native\68d5fa5c4cc2d200863cafc0d521ce42e7d3e7ee720ec0a83991735586a16f82\windows-amd64;C:\Users\ACER\.gradle\native\e376f236ea51e6404a007f0833ffe2c6e607c4080706a723a18a27aeea778392\windows-amd64

VM Arguments:
jvm_args: --add-opens=java.base/java.util=ALL-UNNAMED --add-opens=java.base/java.lang=ALL-UNNAMED --add-opens=java.base/java.lang.invoke=ALL-UNNAMED --add-opens=java.prefs/java.util.prefs=ALL-UNNAMED --add-opens=java.base/java.nio.charset=ALL-UNNAMED --add-opens=java.base/java.net=ALL-UNNAMED --add-opens=java.base/java.util.concurrent.atomic=ALL-UNNAMED -Xmx2048m -Dfile.encoding=UTF-8 -Duser.country=US -Duser.language=en -Duser.variant 
java_command: org.gradle.launcher.daemon.bootstrap.GradleDaemon 8.0
java_class_path (initial): C:\Users\ACER\.gradle\wrapper\dists\gradle-8.0-bin\ca5e32bp14vu59qr306oxotwh\gradle-8.0\lib\gradle-launcher-8.0.jar
Launcher Type: SUN_STANDARD

[Global flags]
     intx CICompilerCount                          = 3                                         {product} {ergonomic}
     uint ConcGCThreads                            = 1                                         {product} {ergonomic}
     uint G1ConcRefinementThreads                  = 4                                         {product} {ergonomic}
   size_t G1HeapRegionSize                         = 1048576                                   {product} {ergonomic}
    uintx GCDrainStackTargetSize                   = 64                                        {product} {ergonomic}
   size_t InitialHeapSize                          = 132120576                                 {product} {ergonomic}
   size_t MarkStackSize                            = 4194304                                   {product} {ergonomic}
   size_t MaxHeapSize                              = 2147483648                                {product} {command line}
   size_t MaxNewSize                               = 1287651328                                {product} {ergonomic}
   size_t MinHeapDeltaBytes                        = 1048576                                   {product} {ergonomic}
   size_t MinHeapSize                              = 8388608                                   {product} {ergonomic}
    uintx NonNMethodCodeHeapSize                   = 5832780                                {pd product} {ergonomic}
    uintx NonProfiledCodeHeapSize                  = 122912730                              {pd product} {ergonomic}
    uintx ProfiledCodeHeapSize                     = 122912730                              {pd product} {ergonomic}
    uintx ReservedCodeCacheSize                    = 251658240                              {pd product} {ergonomic}
     bool SegmentedCodeCache                       = true                                      {product} {ergonomic}
   size_t SoftMaxHeapSize                          = 2147483648                             {manageable} {ergonomic}
     bool UseCompressedClassPointers               = true                           {product lp64_product} {ergonomic}
     bool UseCompressedOops                        = true                           {product lp64_product} {ergonomic}
     bool UseG1GC                                  = true                                      {product} {ergonomic}
     bool UseLargePagesIndividualAllocation        = false                                  {pd product} {ergonomic}

Logging:
Log output configuration:
 #0: stdout all=warning uptime,level,tags
 #1: stderr all=off uptime,level,tags

Environment Variables:
JAVA_HOME=C:\Program Files\Java\jdk-18.0.1.1
PATH=C:\Python311\Scripts\;C:\Python311\;C:\Program Files\Common Files\Oracle\Java\javapath;C:\Windows\system32;C:\Windows;C:\Windows\System32\Wbem;C:\Windows\System32\WindowsPowerShell\v1.0\;C:\Windows\System32\OpenSSH\;C:\Program Files\dotnet\;C:\Program Files\Microsoft SQL Server\Client SDK\ODBC\170\Tools\Binn\;C:\Program Files\Java\jdk-18.0.1.1\bin;C:\Program Files\Git\cmd;C:\Program Files (x86)\Microsoft SQL Server\150\DTS\Binn\;C:\Program Files\MongoDB\Server\6.0\bin;C:\mongosh-1.8.0\bin;C:\ProgramData\chocolatey\bin;C:\Program Files\nodejs\;C:\Program Files (x86)\IBM\SPSS\Statistics\23\JRE\bin;C:\Users\ACER\AppData\Local\Programs\Python\Python37\Scripts\;C:\Users\ACER\AppData\Local\Programs\Python\Python37\;C:\Users\ACER\AppData\Local\Programs\Python\Python39\Scripts\;C:\Users\ACER\AppData\Local\Programs\Python\Python39\;C:\Users\ACER\AppData\Local\Microsoft\WindowsApps;C:\Program Files\JetBrains\PyCharm Community Edition 2021.1\bin;;C:\Users\ACER\.dotnet\tools;C:\Program Files\Azure Data Studio\bin;C:\Program Files\Azure Data Studio\bin;C:\Users\ACER\AppData\Local\Programs\Microsoft VS Code\bin;C:\Users\ACER\AppData\Roaming\npm;F:\Flutter\src\flutter\bin;C:\Program Files\JetBrains\PyCharm Community Edition 2021.1\bin
USERNAME=ACER
OS=Windows_NT
PROCESSOR_IDENTIFIER=Intel64 Family 6 Model 142 Stepping 12, GenuineIntel
TMP=C:\Users\ACER\AppData\Local\Temp
TEMP=C:\Users\ACER\AppData\Local\Temp


JNI global refs:
JNI global refs: 24, weak refs: 0

JNI global refs memory usage: 843, weak refs: 841


---------------  S Y S T E M  ---------------

OS:
 Windows 10 , 64 bit Build 19041 (10.0.19041.3393)
OS uptime: 5 days 8:13 hours

CPU: total 4 (initial active 4) (2 cores per cpu, 2 threads per core) family 6 model 142 stepping 12 microcode 0xc6, cx8, cmov, fxsr, ht, mmx, 3dnowpref, sse, sse2, sse3, ssse3, sse4.1, sse4.2, popcnt, lzcnt, tsc, tscinvbit, avx, avx2, aes, erms, clmul, bmi1, bmi2, adx, fma, vzeroupper, clflush, clflushopt

Memory: 4k page, system-wide physical 8022M (1354M free)
TotalPageFile size 23207M (AvailPageFile size 13M)
current process WorkingSet (physical memory assigned to process): 279M, peak: 282M
current process commit charge ("private bytes"): 305M, peak: 320M

vm_info: OpenJDK 64-Bit Server VM (17.0.6+0-b2043.56-10027231) for windows-amd64 JRE (17.0.6+0-b2043.56-10027231), built on Apr 28 2023 00:43:19 by "androidbuild" with MS VC++ 16.10 / 16.11 (VS2019)

END.
