#
# There is insufficient memory for the Java Runtime Environment to continue.
# Native memory allocation (malloc) failed to allocate 2264784 bytes for Chunk::new
# Possible reasons:
#   The system is out of physical RAM or swap space
#   The process is running with CompressedOops enabled, and the Java Heap may be blocking the growth of the native heap
# Possible solutions:
#   Reduce memory load on the system
#   Increase physical memory or swap space
#   Check if swap backing store is full
#   Decrease Java heap size (-Xmx/-Xms)
#   Decrease number of Java threads
#   Decrease Java thread stack sizes (-Xss)
#   Set larger code cache with -XX:ReservedCodeCacheSize=
#   JVM is running with Unscaled Compressed Oops mode in which the Java heap is
#     placed in the first 4GB address space. The Java Heap base address is the
#     maximum limit for the native heap growth. Please use -XX:HeapBaseMinAddress
#     to set the Java Heap base and to place the Java Heap above 4GB virtual address.
# This output file may be truncated or incomplete.
#
#  Out of Memory Error (arena.cpp:189), pid=14420, tid=15280
#
# JRE version: OpenJDK Runtime Environment (17.0.6) (build 17.0.6+0-b2043.56-10027231)
# Java VM: OpenJDK 64-Bit Server VM (17.0.6+0-b2043.56-10027231, mixed mode, tiered, compressed oops, compressed class ptrs, g1 gc, windows-amd64)
# No core dump will be written. Minidumps are not enabled by default on client versions of Windows
#

---------------  S U M M A R Y ------------

Command Line: --add-opens=java.base/java.util=ALL-UNNAMED --add-opens=java.base/java.lang=ALL-UNNAMED --add-opens=java.base/java.lang.invoke=ALL-UNNAMED --add-opens=java.prefs/java.util.prefs=ALL-UNNAMED --add-opens=java.base/java.nio.charset=ALL-UNNAMED --add-opens=java.base/java.net=ALL-UNNAMED --add-opens=java.base/java.util.concurrent.atomic=ALL-UNNAMED -Xmx2048m -Dfile.encoding=UTF-8 -Duser.country=US -Duser.language=en -Duser.variant org.gradle.launcher.daemon.bootstrap.GradleDaemon 8.0

Host: Intel(R) Core(TM) i3-10110U CPU @ 2.10GHz, 4 cores, 7G,  Windows 10 , 64 bit Build 19041 (10.0.19041.3393)
Time: Fri Sep 29 21:42:33 2023 Sri Lanka Standard Time elapsed time: 7.287488 seconds (0d 0h 0m 7s)

---------------  T H R E A D  ---------------

Current thread (0x00000169372be960):  JavaThread "C2 CompilerThread0" daemon [_thread_in_native, id=15280, stack(0x0000003eebb00000,0x0000003eebc00000)]


Current CompileTask:
C2:   7287 5968       4       org.objectweb.asm.Frame::execute (2318 bytes)

Stack: [0x0000003eebb00000,0x0000003eebc00000]
Native frames: (J=compiled Java code, j=interpreted, Vv=VM code, C=native code)
V  [jvm.dll+0x683c9a]
V  [jvm.dll+0x8427a4]
V  [jvm.dll+0x843f9e]
V  [jvm.dll+0x844603]
V  [jvm.dll+0x249b75]
V  [jvm.dll+0xabcac]
V  [jvm.dll+0xac27c]
V  [jvm.dll+0x368857]
V  [jvm.dll+0x332f31]
V  [jvm.dll+0x3323da]
V  [jvm.dll+0x21c201]
V  [jvm.dll+0x21b621]
V  [jvm.dll+0x1a4fdd]
V  [jvm.dll+0x22b098]
V  [jvm.dll+0x229159]
V  [jvm.dll+0x7f81ec]
V  [jvm.dll+0x7f274a]
V  [jvm.dll+0x682ad5]
C  [ucrtbase.dll+0x21bb2]
C  [KERNEL32.DLL+0x17344]
C  [ntdll.dll+0x526b1]


---------------  P R O C E S S  ---------------

Threads class SMR info:
_java_thread_list=0x000001693ccac3d0, length=81, elements={
0x000001691dccae20, 0x00000169372b5260, 0x00000169372b5ce0, 0x00000169372bb4f0,
0x00000169372bb9c0, 0x00000169372bbf80, 0x00000169372bc540, 0x00000169372be960,
0x0000016937c32b60, 0x0000016937c33160, 0x0000016937dc7e80, 0x0000016937dcd5a0,
0x000001693a22f040, 0x00000169394e0e20, 0x00000169396da450, 0x00000169394efac0,
0x00000169394eff90, 0x00000169397a2030, 0x00000169397a2500, 0x000001693a12b260,
0x000001693a12bc00, 0x000001693a129a50, 0x000001693a12a3f0, 0x000001693a1290b0,
0x000001693a129f20, 0x000001693a129580, 0x000001693a12a8c0, 0x000001693a12c5a0,
0x000001693a12ad90, 0x000001693a12b730, 0x000001693a12c0d0, 0x000001693a12ca70,
0x000001693c1680c0, 0x000001693c169da0, 0x000001693c16b5b0, 0x000001693c16b0e0,
0x000001693c165a40, 0x000001693c168f30, 0x000001693c169400, 0x000001693c1668b0,
0x000001693c1663e0, 0x000001693c1650a0, 0x000001693c1698d0, 0x000001693c16bf50,
0x000001693c165570, 0x000001693c167720, 0x000001693c16a740, 0x000001693c165f10,
0x000001693c166d80, 0x000001693c16ac10, 0x000001693c16c420, 0x000001693c167250,
0x000001693c167bf0, 0x000001693c168590, 0x0000016938a4e790, 0x0000016938a51c80,
0x0000016938a4f600, 0x0000016938a53490, 0x0000016938a52af0, 0x0000016938a52fc0,
0x0000016938a54300, 0x0000016938a55fe0, 0x0000016938a53960, 0x0000016938a512e0,
0x0000016938a50940, 0x0000016938a52620, 0x0000016938a55640, 0x0000016938a4ffa0,
0x0000016938a53e30, 0x0000016938a547d0, 0x0000016938a54ca0, 0x0000016938a55170,
0x0000016938a55b10, 0x0000016938a52150, 0x0000016938a517b0, 0x0000016938a4ec60,
0x0000016938a4f130, 0x0000016938a50e10, 0x0000016938a4fad0, 0x000001693cce9a80,
0x000001693ccef120
}

Java Threads: ( => current thread )
  0x000001691dccae20 JavaThread "main" [_thread_blocked, id=14908, stack(0x0000003eeae00000,0x0000003eeaf00000)]
  0x00000169372b5260 JavaThread "Reference Handler" daemon [_thread_blocked, id=12708, stack(0x0000003eeb500000,0x0000003eeb600000)]
  0x00000169372b5ce0 JavaThread "Finalizer" daemon [_thread_blocked, id=13956, stack(0x0000003eeb600000,0x0000003eeb700000)]
  0x00000169372bb4f0 JavaThread "Signal Dispatcher" daemon [_thread_blocked, id=9808, stack(0x0000003eeb700000,0x0000003eeb800000)]
  0x00000169372bb9c0 JavaThread "Attach Listener" daemon [_thread_blocked, id=6740, stack(0x0000003eeb800000,0x0000003eeb900000)]
  0x00000169372bbf80 JavaThread "Service Thread" daemon [_thread_blocked, id=1756, stack(0x0000003eeb900000,0x0000003eeba00000)]
  0x00000169372bc540 JavaThread "Monitor Deflation Thread" daemon [_thread_blocked, id=16712, stack(0x0000003eeba00000,0x0000003eebb00000)]
=>0x00000169372be960 JavaThread "C2 CompilerThread0" daemon [_thread_in_native, id=15280, stack(0x0000003eebb00000,0x0000003eebc00000)]
  0x0000016937c32b60 JavaThread "C1 CompilerThread0" daemon [_thread_blocked, id=16284, stack(0x0000003eebc00000,0x0000003eebd00000)]
  0x0000016937c33160 JavaThread "Sweeper thread" daemon [_thread_blocked, id=928, stack(0x0000003eebd00000,0x0000003eebe00000)]
  0x0000016937dc7e80 JavaThread "Common-Cleaner" daemon [_thread_blocked, id=6120, stack(0x0000003eebe00000,0x0000003eebf00000)]
  0x0000016937dcd5a0 JavaThread "Notification Thread" daemon [_thread_blocked, id=8868, stack(0x0000003eebf00000,0x0000003eec000000)]
  0x000001693a22f040 JavaThread "Daemon health stats" [_thread_blocked, id=15852, stack(0x0000003eec400000,0x0000003eec500000)]
  0x00000169394e0e20 JavaThread "Incoming local TCP Connector on port 58821" [_thread_in_native, id=5940, stack(0x0000003eec500000,0x0000003eec600000)]
  0x00000169396da450 JavaThread "Daemon periodic checks" [_thread_blocked, id=7156, stack(0x0000003eec600000,0x0000003eec700000)]
  0x00000169394efac0 JavaThread "Daemon" [_thread_blocked, id=14712, stack(0x0000003eec700000,0x0000003eec800000)]
  0x00000169394eff90 JavaThread "Handler for socket connection from /127.0.0.1:58821 to /127.0.0.1:58823" [_thread_in_native, id=16888, stack(0x0000003eec800000,0x0000003eec900000)]
  0x00000169397a2030 JavaThread "Cancel handler" [_thread_blocked, id=9096, stack(0x0000003eec900000,0x0000003eeca00000)]
  0x00000169397a2500 JavaThread "Daemon worker" [_thread_in_vm, id=15056, stack(0x0000003eeca00000,0x0000003eecb00000)]
  0x000001693a12b260 JavaThread "Asynchronous log dispatcher for DefaultDaemonConnection: socket connection from /127.0.0.1:58821 to /127.0.0.1:58823" [_thread_blocked, id=14576, stack(0x0000003eecb00000,0x0000003eecc00000)]
  0x000001693a12bc00 JavaThread "Stdin handler" [_thread_blocked, id=12884, stack(0x0000003eecc00000,0x0000003eecd00000)]
  0x000001693a129a50 JavaThread "Daemon client event forwarder" [_thread_blocked, id=10752, stack(0x0000003eecd00000,0x0000003eece00000)]
  0x000001693a12a3f0 JavaThread "Cache worker for journal cache (C:\Users\ACER\.gradle\caches\journal-1)" [_thread_blocked, id=16084, stack(0x0000003eece00000,0x0000003eecf00000)]
  0x000001693a1290b0 JavaThread "File lock request listener" [_thread_in_native, id=15820, stack(0x0000003eecf00000,0x0000003eed000000)]
  0x000001693a129f20 JavaThread "Cache worker for file hash cache (C:\Users\ACER\.gradle\caches\8.0\fileHashes)" [_thread_blocked, id=2188, stack(0x0000003eed000000,0x0000003eed100000)]
  0x000001693a129580 JavaThread "File watcher server" daemon [_thread_in_native, id=9104, stack(0x0000003eed100000,0x0000003eed200000)]
  0x000001693a12a8c0 JavaThread "File watcher consumer" daemon [_thread_blocked, id=14536, stack(0x0000003eed200000,0x0000003eed300000)]
  0x000001693a12c5a0 JavaThread "Cache worker for checksums cache (F:\Campus Works\3 year sem 1\Mobile Computing\Mobile work\day3\.gradle\8.0\checksums)" [_thread_blocked, id=11540, stack(0x0000003eed300000,0x0000003eed400000)]
  0x000001693a12ad90 JavaThread "Cache worker for cache directory md-rule (C:\Users\ACER\.gradle\caches\8.0\md-rule)" [_thread_blocked, id=14404, stack(0x0000003eed400000,0x0000003eed500000)]
  0x000001693a12b730 JavaThread "Cache worker for file content cache (C:\Users\ACER\.gradle\caches\8.0\fileContent)" [_thread_blocked, id=6688, stack(0x0000003eed500000,0x0000003eed600000)]
  0x000001693a12c0d0 JavaThread "Cache worker for file hash cache (F:\Campus Works\3 year sem 1\Mobile Computing\Mobile work\day3\.gradle\8.0\fileHashes)" [_thread_blocked, id=8100, stack(0x0000003eed600000,0x0000003eed700000)]
  0x000001693a12ca70 JavaThread "Cache worker for cache directory md-supplier (C:\Users\ACER\.gradle\caches\8.0\md-supplier)" [_thread_blocked, id=16368, stack(0x0000003eed700000,0x0000003eed800000)]
  0x000001693c1680c0 JavaThread "Cache worker for execution history cache (C:\Users\ACER\.gradle\caches\8.0\executionHistory)" [_thread_blocked, id=14400, stack(0x0000003eed800000,0x0000003eed900000)]
  0x000001693c169da0 JavaThread "jar transforms" [_thread_blocked, id=10156, stack(0x0000003eed900000,0x0000003eeda00000)]
  0x000001693c16b5b0 JavaThread "jar transforms Thread 2" [_thread_blocked, id=11748, stack(0x0000003eeda00000,0x0000003eedb00000)]
  0x000001693c16b0e0 JavaThread "jar transforms Thread 3" [_thread_blocked, id=10228, stack(0x0000003eedb00000,0x0000003eedc00000)]
  0x000001693c165a40 JavaThread "jar transforms Thread 4" [_thread_blocked, id=12836, stack(0x0000003eedc00000,0x0000003eedd00000)]
  0x000001693c168f30 JavaThread "Cache worker for dependencies-accessors (F:\Campus Works\3 year sem 1\Mobile Computing\Mobile work\day3\.gradle\8.0\dependencies-accessors)" [_thread_blocked, id=1336, stack(0x0000003eedd00000,0x0000003eede00000)]
  0x000001693c169400 JavaThread "Cache worker for Build Output Cleanup Cache (F:\Campus Works\3 year sem 1\Mobile Computing\Mobile work\day3\.gradle\buildOutputCleanup)" [_thread_blocked, id=2744, stack(0x0000003eede00000,0x0000003eedf00000)]
  0x000001693c1668b0 JavaThread "Unconstrained build operations" [_thread_blocked, id=11300, stack(0x0000003eedf00000,0x0000003eee000000)]
  0x000001693c1663e0 JavaThread "Unconstrained build operations Thread 2" [_thread_blocked, id=11472, stack(0x0000003eee000000,0x0000003eee100000)]
  0x000001693c1650a0 JavaThread "Unconstrained build operations Thread 3" [_thread_blocked, id=11608, stack(0x0000003eee100000,0x0000003eee200000)]
  0x000001693c1698d0 JavaThread "Unconstrained build operations Thread 4" [_thread_blocked, id=16412, stack(0x0000003eee200000,0x0000003eee300000)]
  0x000001693c16bf50 JavaThread "Unconstrained build operations Thread 5" [_thread_blocked, id=16128, stack(0x0000003eee300000,0x0000003eee400000)]
  0x000001693c165570 JavaThread "Unconstrained build operations Thread 6" [_thread_blocked, id=6016, stack(0x0000003eee400000,0x0000003eee500000)]
  0x000001693c167720 JavaThread "Unconstrained build operations Thread 7" [_thread_blocked, id=9748, stack(0x0000003eee500000,0x0000003eee600000)]
  0x000001693c16a740 JavaThread "Unconstrained build operations Thread 8" [_thread_blocked, id=14620, stack(0x0000003eee600000,0x0000003eee700000)]
  0x000001693c165f10 JavaThread "Unconstrained build operations Thread 9" [_thread_blocked, id=964, stack(0x0000003eee700000,0x0000003eee800000)]
  0x000001693c166d80 JavaThread "Unconstrained build operations Thread 10" [_thread_blocked, id=11776, stack(0x0000003eee800000,0x0000003eee900000)]
  0x000001693c16ac10 JavaThread "Unconstrained build operations Thread 11" [_thread_blocked, id=8712, stack(0x0000003eee900000,0x0000003eeea00000)]
  0x000001693c16c420 JavaThread "Unconstrained build operations Thread 12" [_thread_blocked, id=12500, stack(0x0000003eeea00000,0x0000003eeeb00000)]
  0x000001693c167250 JavaThread "Unconstrained build operations Thread 13" [_thread_blocked, id=8436, stack(0x0000003eeeb00000,0x0000003eeec00000)]
  0x000001693c167bf0 JavaThread "Unconstrained build operations Thread 14" [_thread_blocked, id=4100, stack(0x0000003eeec00000,0x0000003eeed00000)]
  0x000001693c168590 JavaThread "Unconstrained build operations Thread 15" [_thread_blocked, id=11968, stack(0x0000003eeed00000,0x0000003eeee00000)]
  0x0000016938a4e790 JavaThread "Unconstrained build operations Thread 16" [_thread_blocked, id=13672, stack(0x0000003eeee00000,0x0000003eeef00000)]
  0x0000016938a51c80 JavaThread "Unconstrained build operations Thread 17" [_thread_blocked, id=3720, stack(0x0000003eeef00000,0x0000003eef000000)]
  0x0000016938a4f600 JavaThread "Unconstrained build operations Thread 18" [_thread_blocked, id=2288, stack(0x0000003eef000000,0x0000003eef100000)]
  0x0000016938a53490 JavaThread "Unconstrained build operations Thread 19" [_thread_blocked, id=13880, stack(0x0000003eef100000,0x0000003eef200000)]
  0x0000016938a52af0 JavaThread "Unconstrained build operations Thread 20" [_thread_blocked, id=14148, stack(0x0000003eef200000,0x0000003eef300000)]
  0x0000016938a52fc0 JavaThread "Unconstrained build operations Thread 21" [_thread_blocked, id=5552, stack(0x0000003eef300000,0x0000003eef400000)]
  0x0000016938a54300 JavaThread "Unconstrained build operations Thread 22" [_thread_blocked, id=8832, stack(0x0000003eef400000,0x0000003eef500000)]
  0x0000016938a55fe0 JavaThread "Unconstrained build operations Thread 23" [_thread_blocked, id=11084, stack(0x0000003eef500000,0x0000003eef600000)]
  0x0000016938a53960 JavaThread "Unconstrained build operations Thread 24" [_thread_blocked, id=13144, stack(0x0000003eef600000,0x0000003eef700000)]
  0x0000016938a512e0 JavaThread "Unconstrained build operations Thread 25" [_thread_blocked, id=4908, stack(0x0000003eef700000,0x0000003eef800000)]
  0x0000016938a50940 JavaThread "Unconstrained build operations Thread 26" [_thread_blocked, id=9968, stack(0x0000003eef800000,0x0000003eef900000)]
  0x0000016938a52620 JavaThread "Unconstrained build operations Thread 27" [_thread_blocked, id=13552, stack(0x0000003eef900000,0x0000003eefa00000)]
  0x0000016938a55640 JavaThread "Unconstrained build operations Thread 28" [_thread_blocked, id=15588, stack(0x0000003eefa00000,0x0000003eefb00000)]
  0x0000016938a4ffa0 JavaThread "Unconstrained build operations Thread 29" [_thread_blocked, id=17192, stack(0x0000003eefb00000,0x0000003eefc00000)]
  0x0000016938a53e30 JavaThread "Unconstrained build operations Thread 30" [_thread_blocked, id=12200, stack(0x0000003eefc00000,0x0000003eefd00000)]
  0x0000016938a547d0 JavaThread "Unconstrained build operations Thread 31" [_thread_blocked, id=844, stack(0x0000003eefd00000,0x0000003eefe00000)]
  0x0000016938a54ca0 JavaThread "Unconstrained build operations Thread 32" [_thread_blocked, id=16948, stack(0x0000003eefe00000,0x0000003eeff00000)]
  0x0000016938a55170 JavaThread "Unconstrained build operations Thread 33" [_thread_blocked, id=16832, stack(0x0000003eeff00000,0x0000003ef0000000)]
  0x0000016938a55b10 JavaThread "Unconstrained build operations Thread 34" [_thread_blocked, id=14588, stack(0x0000003ef0000000,0x0000003ef0100000)]
  0x0000016938a52150 JavaThread "Unconstrained build operations Thread 35" [_thread_blocked, id=1964, stack(0x0000003ef0100000,0x0000003ef0200000)]
  0x0000016938a517b0 JavaThread "Unconstrained build operations Thread 36" [_thread_blocked, id=11836, stack(0x0000003ef0200000,0x0000003ef0300000)]
  0x0000016938a4ec60 JavaThread "Unconstrained build operations Thread 37" [_thread_blocked, id=13492, stack(0x0000003ef0300000,0x0000003ef0400000)]
  0x0000016938a4f130 JavaThread "Unconstrained build operations Thread 38" [_thread_blocked, id=6632, stack(0x0000003ef0400000,0x0000003ef0500000)]
  0x0000016938a50e10 JavaThread "Unconstrained build operations Thread 39" [_thread_blocked, id=15296, stack(0x0000003ef0500000,0x0000003ef0600000)]
  0x0000016938a4fad0 JavaThread "Unconstrained build operations Thread 40" [_thread_blocked, id=16140, stack(0x0000003ef0600000,0x0000003ef0700000)]
  0x000001693cce9a80 JavaThread "build event listener" [_thread_blocked, id=15320, stack(0x0000003ef0700000,0x0000003ef0800000)]
  0x000001693ccef120 JavaThread "Memory manager" [_thread_blocked, id=7668, stack(0x0000003ef0800000,0x0000003ef0900000)]

Other Threads:
  0x00000169372938a0 VMThread "VM Thread" [stack: 0x0000003eeb400000,0x0000003eeb500000] [id=15180]
  0x000001691dd403e0 WatcherThread [stack: 0x0000003eec000000,0x0000003eec100000] [id=12960]
  0x000001691dd25090 GCTaskThread "GC Thread#0" [stack: 0x0000003eeaf00000,0x0000003eeb000000] [id=9636]
  0x00000169381b1220 GCTaskThread "GC Thread#1" [stack: 0x0000003eec100000,0x0000003eec200000] [id=6680]
  0x00000169380b2f20 GCTaskThread "GC Thread#2" [stack: 0x0000003eec200000,0x0000003eec300000] [id=14024]
  0x00000169381fead0 GCTaskThread "GC Thread#3" [stack: 0x0000003eec300000,0x0000003eec400000] [id=16028]
  0x000001691dd36fe0 ConcurrentGCThread "G1 Main Marker" [stack: 0x0000003eeb000000,0x0000003eeb100000] [id=8824]
  0x000001691dd38a00 ConcurrentGCThread "G1 Conc#0" [stack: 0x0000003eeb100000,0x0000003eeb200000] [id=7040]
  0x000001691dd8e820 ConcurrentGCThread "G1 Refine#0" [stack: 0x0000003eeb200000,0x0000003eeb300000] [id=10700]
  0x00000169370e40c0 ConcurrentGCThread "G1 Service" [stack: 0x0000003eeb300000,0x0000003eeb400000] [id=11888]

Threads with active compile tasks:
C2 CompilerThread0     7336 5968       4       org.objectweb.asm.Frame::execute (2318 bytes)

VM state: not at safepoint (normal execution)

VM Mutex/Monitor currently owned by a thread: None

Heap address: 0x0000000080000000, size: 2048 MB, Compressed Oops mode: 32-bit

CDS archive(s) not mapped
Compressed class space mapped at: 0x0000000100000000-0x0000000140000000, reserved size: 1073741824
Narrow klass base: 0x0000000000000000, Narrow klass shift: 3, Narrow klass range: 0x140000000

GC Precious Log:
 CPUs: 4 total, 4 available
 Memory: 8022M
 Large Page Support: Disabled
 NUMA Support: Disabled
 Compressed Oops: Enabled (32-bit)
 Heap Region Size: 1M
 Heap Min Capacity: 8M
 Heap Initial Capacity: 126M
 Heap Max Capacity: 2G
 Pre-touch: Disabled
 Parallel Workers: 4
 Concurrent Workers: 1
 Concurrent Refinement Workers: 4
 Periodic GC: Disabled

Heap:
 garbage-first heap   total 89088K, used 55338K [0x0000000080000000, 0x0000000100000000)
  region size 1024K, 12 young (12288K), 2 survivors (2048K)
 Metaspace       used 61037K, committed 61504K, reserved 1105920K
  class space    used 8099K, committed 8320K, reserved 1048576K

Heap Regions: E=young(eden), S=young(survivor), O=old, HS=humongous(starts), HC=humongous(continues), CS=collection set, F=free, OA=open archive, CA=closed archive, TAMS=top-at-mark-start (previous, next)
|   0|0x0000000080000000, 0x0000000080100000, 0x0000000080100000|100%| O|  |TAMS 0x0000000080100000, 0x0000000080000000| Untracked 
|   1|0x0000000080100000, 0x0000000080200000, 0x0000000080200000|100%| O|  |TAMS 0x0000000080200000, 0x0000000080100000| Untracked 
|   2|0x0000000080200000, 0x0000000080300000, 0x0000000080300000|100%|HS|  |TAMS 0x0000000080300000, 0x0000000080200000| Complete 
|   3|0x0000000080300000, 0x0000000080400000, 0x0000000080400000|100%|HC|  |TAMS 0x0000000080400000, 0x0000000080300000| Complete 
|   4|0x0000000080400000, 0x0000000080500000, 0x0000000080500000|100%|HC|  |TAMS 0x0000000080500000, 0x0000000080400000| Complete 
|   5|0x0000000080500000, 0x0000000080600000, 0x0000000080600000|100%|HC|  |TAMS 0x0000000080600000, 0x0000000080500000| Complete 
|   6|0x0000000080600000, 0x0000000080700000, 0x0000000080700000|100%| O|  |TAMS 0x0000000080700000, 0x0000000080600000| Untracked 
|   7|0x0000000080700000, 0x0000000080800000, 0x0000000080800000|100%| O|  |TAMS 0x0000000080800000, 0x0000000080700000| Untracked 
|   8|0x0000000080800000, 0x0000000080900000, 0x0000000080900000|100%| O|  |TAMS 0x0000000080900000, 0x0000000080800000| Untracked 
|   9|0x0000000080900000, 0x0000000080a00000, 0x0000000080a00000|100%| O|  |TAMS 0x0000000080a00000, 0x0000000080900000| Untracked 
|  10|0x0000000080a00000, 0x0000000080b00000, 0x0000000080b00000|100%| O|  |TAMS 0x0000000080b00000, 0x0000000080a00000| Untracked 
|  11|0x0000000080b00000, 0x0000000080c00000, 0x0000000080c00000|100%| O|  |TAMS 0x0000000080c00000, 0x0000000080b00000| Untracked 
|  12|0x0000000080c00000, 0x0000000080d00000, 0x0000000080d00000|100%| O|  |TAMS 0x0000000080d00000, 0x0000000080c00000| Untracked 
|  13|0x0000000080d00000, 0x0000000080e00000, 0x0000000080e00000|100%| O|  |TAMS 0x0000000080e00000, 0x0000000080d00000| Untracked 
|  14|0x0000000080e00000, 0x0000000080f00000, 0x0000000080f00000|100%| O|  |TAMS 0x0000000080f00000, 0x0000000080e00000| Untracked 
|  15|0x0000000080f00000, 0x0000000081000000, 0x0000000081000000|100%| O|  |TAMS 0x0000000081000000, 0x0000000080f00000| Untracked 
|  16|0x0000000081000000, 0x0000000081100000, 0x0000000081100000|100%| O|  |TAMS 0x0000000081100000, 0x0000000081000000| Untracked 
|  17|0x0000000081100000, 0x0000000081200000, 0x0000000081200000|100%| O|  |TAMS 0x0000000081200000, 0x0000000081100000| Untracked 
|  18|0x0000000081200000, 0x0000000081300000, 0x0000000081300000|100%| O|  |TAMS 0x0000000081300000, 0x0000000081200000| Untracked 
|  19|0x0000000081300000, 0x0000000081400000, 0x0000000081400000|100%| O|  |TAMS 0x0000000081400000, 0x0000000081300000| Untracked 
|  20|0x0000000081400000, 0x0000000081500000, 0x0000000081500000|100%| O|  |TAMS 0x0000000081500000, 0x0000000081400000| Untracked 
|  21|0x0000000081500000, 0x0000000081600000, 0x0000000081600000|100%| O|  |TAMS 0x0000000081600000, 0x0000000081500000| Untracked 
|  22|0x0000000081600000, 0x0000000081700000, 0x0000000081700000|100%| O|  |TAMS 0x0000000081700000, 0x0000000081600000| Untracked 
|  23|0x0000000081700000, 0x000000008175b200, 0x0000000081800000| 35%| O|  |TAMS 0x000000008175b200, 0x0000000081700000| Untracked 
|  24|0x0000000081800000, 0x0000000081900000, 0x0000000081900000|100%| O|  |TAMS 0x0000000081900000, 0x0000000081800000| Untracked 
|  25|0x0000000081900000, 0x0000000081a00000, 0x0000000081a00000|100%| O|  |TAMS 0x0000000081a00000, 0x0000000081900000| Untracked 
|  26|0x0000000081a00000, 0x0000000081b00000, 0x0000000081b00000|100%| O|  |TAMS 0x0000000081b00000, 0x0000000081a00000| Untracked 
|  27|0x0000000081b00000, 0x0000000081c00000, 0x0000000081c00000|100%| O|  |TAMS 0x0000000081c00000, 0x0000000081b00000| Untracked 
|  28|0x0000000081c00000, 0x0000000081d00000, 0x0000000081d00000|100%| O|  |TAMS 0x0000000081d00000, 0x0000000081c00000| Untracked 
|  29|0x0000000081d00000, 0x0000000081e00000, 0x0000000081e00000|100%| O|  |TAMS 0x0000000081e00000, 0x0000000081d00000| Untracked 
|  30|0x0000000081e00000, 0x0000000081f00000, 0x0000000081f00000|100%| O|  |TAMS 0x0000000081f00000, 0x0000000081e00000| Untracked 
|  31|0x0000000081f00000, 0x0000000082000000, 0x0000000082000000|100%| O|  |TAMS 0x0000000082000000, 0x0000000081f00000| Untracked 
|  32|0x0000000082000000, 0x0000000082100000, 0x0000000082100000|100%|HS|  |TAMS 0x0000000082100000, 0x0000000082000000| Complete 
|  33|0x0000000082100000, 0x0000000082200000, 0x0000000082200000|100%|HS|  |TAMS 0x0000000082200000, 0x0000000082100000| Complete 
|  34|0x0000000082200000, 0x0000000082300000, 0x0000000082300000|100%| O|  |TAMS 0x0000000082300000, 0x0000000082200000| Untracked 
|  35|0x0000000082300000, 0x0000000082400000, 0x0000000082400000|100%| O|  |TAMS 0x0000000082400000, 0x0000000082300000| Untracked 
|  36|0x0000000082400000, 0x0000000082500000, 0x0000000082500000|100%| O|  |TAMS 0x0000000082500000, 0x0000000082400000| Untracked 
|  37|0x0000000082500000, 0x0000000082600000, 0x0000000082600000|100%| O|  |TAMS 0x0000000082600000, 0x0000000082500000| Untracked 
|  38|0x0000000082600000, 0x0000000082700000, 0x0000000082700000|100%| O|  |TAMS 0x0000000082700000, 0x0000000082600000| Untracked 
|  39|0x0000000082700000, 0x0000000082800000, 0x0000000082800000|100%| O|  |TAMS 0x0000000082800000, 0x0000000082700000| Untracked 
|  40|0x0000000082800000, 0x0000000082900000, 0x0000000082900000|100%| O|  |TAMS 0x0000000082900000, 0x0000000082800000| Untracked 
|  41|0x0000000082900000, 0x0000000082a00000, 0x0000000082a00000|100%| O|  |TAMS 0x0000000082a00000, 0x0000000082900000| Untracked 
|  42|0x0000000082a00000, 0x0000000082b00000, 0x0000000082b00000|100%| O|  |TAMS 0x0000000082b00000, 0x0000000082a00000| Untracked 
|  43|0x0000000082b00000, 0x0000000082bff400, 0x0000000082c00000| 99%| O|  |TAMS 0x0000000082bff400, 0x0000000082b00000| Untracked 
|  44|0x0000000082c00000, 0x0000000082c00000, 0x0000000082d00000|  0%| F|  |TAMS 0x0000000082c00000, 0x0000000082c00000| Untracked 
|  45|0x0000000082d00000, 0x0000000082d00000, 0x0000000082e00000|  0%| F|  |TAMS 0x0000000082d00000, 0x0000000082d00000| Untracked 
|  46|0x0000000082e00000, 0x0000000082e00000, 0x0000000082f00000|  0%| F|  |TAMS 0x0000000082e00000, 0x0000000082e00000| Untracked 
|  47|0x0000000082f00000, 0x0000000082f00000, 0x0000000083000000|  0%| F|  |TAMS 0x0000000082f00000, 0x0000000082f00000| Untracked 
|  48|0x0000000083000000, 0x0000000083000000, 0x0000000083100000|  0%| F|  |TAMS 0x0000000083000000, 0x0000000083000000| Untracked 
|  49|0x0000000083100000, 0x0000000083100000, 0x0000000083200000|  0%| F|  |TAMS 0x0000000083100000, 0x0000000083100000| Untracked 
|  50|0x0000000083200000, 0x0000000083200000, 0x0000000083300000|  0%| F|  |TAMS 0x0000000083200000, 0x0000000083200000| Untracked 
|  51|0x0000000083300000, 0x0000000083300000, 0x0000000083400000|  0%| F|  |TAMS 0x0000000083300000, 0x0000000083300000| Untracked 
|  52|0x0000000083400000, 0x0000000083400000, 0x0000000083500000|  0%| F|  |TAMS 0x0000000083400000, 0x0000000083400000| Untracked 
|  53|0x0000000083500000, 0x0000000083500000, 0x0000000083600000|  0%| F|  |TAMS 0x0000000083500000, 0x0000000083500000| Untracked 
|  54|0x0000000083600000, 0x0000000083600000, 0x0000000083700000|  0%| F|  |TAMS 0x0000000083600000, 0x0000000083600000| Untracked 
|  55|0x0000000083700000, 0x0000000083700000, 0x0000000083800000|  0%| F|  |TAMS 0x0000000083700000, 0x0000000083700000| Untracked 
|  56|0x0000000083800000, 0x0000000083800000, 0x0000000083900000|  0%| F|  |TAMS 0x0000000083800000, 0x0000000083800000| Untracked 
|  57|0x0000000083900000, 0x0000000083900000, 0x0000000083a00000|  0%| F|  |TAMS 0x0000000083900000, 0x0000000083900000| Untracked 
|  58|0x0000000083a00000, 0x0000000083a00000, 0x0000000083b00000|  0%| F|  |TAMS 0x0000000083a00000, 0x0000000083a00000| Untracked 
|  59|0x0000000083b00000, 0x0000000083b00000, 0x0000000083c00000|  0%| F|  |TAMS 0x0000000083b00000, 0x0000000083b00000| Untracked 
|  60|0x0000000083c00000, 0x0000000083c00000, 0x0000000083d00000|  0%| F|  |TAMS 0x0000000083c00000, 0x0000000083c00000| Untracked 
|  61|0x0000000083d00000, 0x0000000083db03d0, 0x0000000083e00000| 68%| S|CS|TAMS 0x0000000083d00000, 0x0000000083d00000| Complete 
|  62|0x0000000083e00000, 0x0000000083f00000, 0x0000000083f00000|100%| S|CS|TAMS 0x0000000083e00000, 0x0000000083e00000| Complete 
|  63|0x0000000083f00000, 0x0000000083f00000, 0x0000000084000000|  0%| F|  |TAMS 0x0000000083f00000, 0x0000000083f00000| Untracked 
|  64|0x0000000084000000, 0x0000000084000000, 0x0000000084100000|  0%| F|  |TAMS 0x0000000084000000, 0x0000000084000000| Untracked 
|  65|0x0000000084100000, 0x0000000084100000, 0x0000000084200000|  0%| F|  |TAMS 0x0000000084100000, 0x0000000084100000| Untracked 
|  66|0x0000000084200000, 0x0000000084200000, 0x0000000084300000|  0%| F|  |TAMS 0x0000000084200000, 0x0000000084200000| Untracked 
|  67|0x0000000084300000, 0x0000000084300000, 0x0000000084400000|  0%| F|  |TAMS 0x0000000084300000, 0x0000000084300000| Untracked 
|  68|0x0000000084400000, 0x0000000084400000, 0x0000000084500000|  0%| F|  |TAMS 0x0000000084400000, 0x0000000084400000| Untracked 
|  69|0x0000000084500000, 0x0000000084500000, 0x0000000084600000|  0%| F|  |TAMS 0x0000000084500000, 0x0000000084500000| Untracked 
|  70|0x0000000084600000, 0x0000000084600000, 0x0000000084700000|  0%| F|  |TAMS 0x0000000084600000, 0x0000000084600000| Untracked 
|  71|0x0000000084700000, 0x0000000084700000, 0x0000000084800000|  0%| F|  |TAMS 0x0000000084700000, 0x0000000084700000| Untracked 
|  72|0x0000000084800000, 0x0000000084800000, 0x0000000084900000|  0%| F|  |TAMS 0x0000000084800000, 0x0000000084800000| Untracked 
|  73|0x0000000084900000, 0x0000000084900000, 0x0000000084a00000|  0%| F|  |TAMS 0x0000000084900000, 0x0000000084900000| Untracked 
|  74|0x0000000084a00000, 0x0000000084a00000, 0x0000000084b00000|  0%| F|  |TAMS 0x0000000084a00000, 0x0000000084a00000| Untracked 
|  75|0x0000000084b00000, 0x0000000084b00000, 0x0000000084c00000|  0%| F|  |TAMS 0x0000000084b00000, 0x0000000084b00000| Untracked 
|  76|0x0000000084c00000, 0x0000000084c00000, 0x0000000084d00000|  0%| F|  |TAMS 0x0000000084c00000, 0x0000000084c00000| Untracked 
|  77|0x0000000084d00000, 0x0000000084ded988, 0x0000000084e00000| 92%| E|  |TAMS 0x0000000084d00000, 0x0000000084d00000| Complete 
|  78|0x0000000084e00000, 0x0000000084f00000, 0x0000000084f00000|100%| E|CS|TAMS 0x0000000084e00000, 0x0000000084e00000| Complete 
|  79|0x0000000084f00000, 0x0000000085000000, 0x0000000085000000|100%| E|CS|TAMS 0x0000000084f00000, 0x0000000084f00000| Complete 
|  80|0x0000000085000000, 0x0000000085100000, 0x0000000085100000|100%| E|CS|TAMS 0x0000000085000000, 0x0000000085000000| Complete 
|  81|0x0000000085100000, 0x0000000085200000, 0x0000000085200000|100%| E|CS|TAMS 0x0000000085100000, 0x0000000085100000| Complete 
|  82|0x0000000085200000, 0x0000000085300000, 0x0000000085300000|100%| E|CS|TAMS 0x0000000085200000, 0x0000000085200000| Complete 
|  83|0x0000000085300000, 0x0000000085400000, 0x0000000085400000|100%| E|CS|TAMS 0x0000000085300000, 0x0000000085300000| Complete 
|  84|0x0000000085400000, 0x0000000085500000, 0x0000000085500000|100%| E|CS|TAMS 0x0000000085400000, 0x0000000085400000| Complete 
|  85|0x0000000085500000, 0x0000000085600000, 0x0000000085600000|100%| E|CS|TAMS 0x0000000085500000, 0x0000000085500000| Complete 
| 125|0x0000000087d00000, 0x0000000087e00000, 0x0000000087e00000|100%| E|CS|TAMS 0x0000000087d00000, 0x0000000087d00000| Complete 

Card table byte_map: [0x0000016930590000,0x0000016930990000] _byte_map_base: 0x0000016930190000

Marking Bits (Prev, Next): (CMBitMap*) 0x000001691dd256e0, (CMBitMap*) 0x000001691dd256a0
 Prev Bits: [0x0000016932d90000, 0x0000016934d90000)
 Next Bits: [0x0000016930d90000, 0x0000016932d90000)

Polling page: 0x000001691bca0000

Metaspace:

Usage:
  Non-class:     51.71 MB used.
      Class:      7.91 MB used.
       Both:     59.62 MB used.

Virtual space:
  Non-class space:       56.00 MB reserved,      52.00 MB ( 93%) committed,  7 nodes.
      Class space:        1.00 GB reserved,       8.12 MB ( <1%) committed,  1 nodes.
             Both:        1.05 GB reserved,      60.12 MB (  6%) committed. 

Chunk freelists:
   Non-Class:  3.36 MB
       Class:  3.89 MB
        Both:  7.25 MB

MaxMetaspaceSize: unlimited
CompressedClassSpaceSize: 1.00 GB
Initial GC threshold: 21.00 MB
Current GC threshold: 97.12 MB
CDS: off
MetaspaceReclaimPolicy: balanced
 - commit_granule_bytes: 65536.
 - commit_granule_words: 8192.
 - virtual_space_node_default_size: 1048576.
 - enlarge_chunks_in_place: 1.
 - new_chunks_are_fully_committed: 0.
 - uncommit_free_chunks: 1.
 - use_allocation_guard: 0.
 - handle_deallocations: 1.


Internal statistics:

num_allocs_failed_limit: 6.
num_arena_births: 584.
num_arena_deaths: 0.
num_vsnodes_births: 8.
num_vsnodes_deaths: 0.
num_space_committed: 962.
num_space_uncommitted: 0.
num_chunks_returned_to_freelist: 6.
num_chunks_taken_from_freelist: 2544.
num_chunk_merges: 3.
num_chunk_splits: 1704.
num_chunks_enlarged: 1176.
num_purges: 0.
num_inconsistent_stats: 0.

CodeHeap 'non-profiled nmethods': size=120000Kb used=2840Kb max_used=2840Kb free=117159Kb
 bounds [0x0000016928c60000, 0x0000016928f30000, 0x0000016930190000]
CodeHeap 'profiled nmethods': size=120000Kb used=11863Kb max_used=11863Kb free=108137Kb
 bounds [0x0000016921190000, 0x0000016921d30000, 0x00000169286c0000]
CodeHeap 'non-nmethods': size=5760Kb used=2336Kb max_used=2389Kb free=3423Kb
 bounds [0x00000169286c0000, 0x0000016928930000, 0x0000016928c60000]
 total_blobs=6929 nmethods=6072 adapters=769
 compilation: enabled
              stopped_count=0, restarted_count=0
 full_count=0

Compilation events (20 events):
Event: 7.220 Thread 0x0000016937c32b60 6067       3       java.util.TreeMap$KeySet::size (10 bytes)
Event: 7.220 Thread 0x0000016937c32b60 nmethod 6067 0x0000016921d11910 code [0x0000016921d11ac0, 0x0000016921d11c88]
Event: 7.220 Thread 0x0000016937c32b60 6068       1       com.sun.management.internal.DiagnosticCommandArgumentInfo::getName (5 bytes)
Event: 7.220 Thread 0x0000016937c32b60 nmethod 6068 0x0000016928f25410 code [0x0000016928f255a0, 0x0000016928f25678]
Event: 7.220 Thread 0x0000016937c32b60 6069       3       java.util.TreeMap$KeySet::iterator (32 bytes)
Event: 7.221 Thread 0x0000016937c32b60 nmethod 6069 0x0000016921d11d90 code [0x0000016921d11fa0, 0x0000016921d12758]
Event: 7.221 Thread 0x0000016937c32b60 6070       3       java.util.TreeMap::keyIterator (13 bytes)
Event: 7.221 Thread 0x0000016937c32b60 nmethod 6070 0x0000016921d12990 code [0x0000016921d12b60, 0x0000016921d13078]
Event: 7.221 Thread 0x0000016937c32b60 6071       3       java.util.TreeMap$KeyIterator::<init> (12 bytes)
Event: 7.221 Thread 0x0000016937c32b60 nmethod 6071 0x0000016921d13210 code [0x0000016921d133c0, 0x0000016921d136d8]
Event: 7.221 Thread 0x0000016937c32b60 6073       1       com.sun.management.internal.DiagnosticCommandInfo::getArgumentsInfo (5 bytes)
Event: 7.221 Thread 0x0000016937c32b60 nmethod 6073 0x0000016928f25710 code [0x0000016928f258a0, 0x0000016928f25978]
Event: 7.222 Thread 0x0000016937c32b60 6074       3       java.util.IdentityHashMap::containsKey (55 bytes)
Event: 7.222 Thread 0x0000016937c32b60 nmethod 6074 0x0000016921d13810 code [0x0000016921d139e0, 0x0000016921d13e48]
Event: 7.223 Thread 0x0000016937c32b60 6076  s!   2       com.sun.jmx.mbeanserver.DefaultMXBeanMappingFactory::mappingForType (110 bytes)
Event: 7.224 Thread 0x0000016937c32b60 nmethod 6076 0x0000016921d14090 code [0x0000016921d14340, 0x0000016921d14d08]
Event: 7.224 Thread 0x0000016937c32b60 6077  s    2       com.sun.jmx.mbeanserver.DefaultMXBeanMappingFactory::getMapping (27 bytes)
Event: 7.224 Thread 0x0000016937c32b60 nmethod 6077 0x0000016921d15390 code [0x0000016921d15540, 0x0000016921d157c8]
Event: 7.224 Thread 0x0000016937c32b60 6078       2       java.util.TreeMap::entrySet (27 bytes)
Event: 7.224 Thread 0x0000016937c32b60 nmethod 6078 0x0000016921d15910 code [0x0000016921d15aa0, 0x0000016921d15cb8]

GC Heap History (20 events):
Event: 3.115 GC heap before
{Heap before GC invocations=6 (full 0):
 garbage-first heap   total 68608K, used 21712K [0x0000000080000000, 0x0000000100000000)
  region size 1024K, 4 young (4096K), 3 survivors (3072K)
 Metaspace       used 26640K, committed 26944K, reserved 1073152K
  class space    used 3509K, committed 3648K, reserved 1048576K
}
Event: 3.118 GC heap after
{Heap after GC invocations=7 (full 0):
 garbage-first heap   total 68608K, used 20929K [0x0000000080000000, 0x0000000100000000)
  region size 1024K, 1 young (1024K), 1 survivors (1024K)
 Metaspace       used 26640K, committed 26944K, reserved 1073152K
  class space    used 3509K, committed 3648K, reserved 1048576K
}
Event: 3.502 GC heap before
{Heap before GC invocations=7 (full 0):
 garbage-first heap   total 68608K, used 47553K [0x0000000080000000, 0x0000000100000000)
  region size 1024K, 27 young (27648K), 1 survivors (1024K)
 Metaspace       used 30640K, committed 30912K, reserved 1081344K
  class space    used 4166K, committed 4288K, reserved 1048576K
}
Event: 3.506 GC heap after
{Heap after GC invocations=8 (full 0):
 garbage-first heap   total 68608K, used 21980K [0x0000000080000000, 0x0000000100000000)
  region size 1024K, 2 young (2048K), 2 survivors (2048K)
 Metaspace       used 30640K, committed 30912K, reserved 1081344K
  class space    used 4166K, committed 4288K, reserved 1048576K
}
Event: 3.934 GC heap before
{Heap before GC invocations=8 (full 0):
 garbage-first heap   total 68608K, used 48604K [0x0000000080000000, 0x0000000100000000)
  region size 1024K, 29 young (29696K), 2 survivors (2048K)
 Metaspace       used 35242K, committed 35648K, reserved 1081344K
  class space    used 4866K, committed 5056K, reserved 1048576K
}
Event: 3.940 GC heap after
{Heap after GC invocations=9 (full 0):
 garbage-first heap   total 68608K, used 24157K [0x0000000080000000, 0x0000000100000000)
  region size 1024K, 4 young (4096K), 4 survivors (4096K)
 Metaspace       used 35242K, committed 35648K, reserved 1081344K
  class space    used 4866K, committed 5056K, reserved 1048576K
}
Event: 3.961 GC heap before
{Heap before GC invocations=9 (full 0):
 garbage-first heap   total 68608K, used 25181K [0x0000000080000000, 0x0000000100000000)
  region size 1024K, 6 young (6144K), 4 survivors (4096K)
 Metaspace       used 35788K, committed 36096K, reserved 1081344K
  class space    used 4897K, committed 5056K, reserved 1048576K
}
Event: 3.966 GC heap after
{Heap after GC invocations=10 (full 0):
 garbage-first heap   total 98304K, used 24358K [0x0000000080000000, 0x0000000100000000)
  region size 1024K, 1 young (1024K), 1 survivors (1024K)
 Metaspace       used 35788K, committed 36096K, reserved 1081344K
  class space    used 4897K, committed 5056K, reserved 1048576K
}
Event: 4.705 GC heap before
{Heap before GC invocations=11 (full 0):
 garbage-first heap   total 89088K, used 71462K [0x0000000080000000, 0x0000000100000000)
  region size 1024K, 45 young (46080K), 1 survivors (1024K)
 Metaspace       used 42469K, committed 42816K, reserved 1089536K
  class space    used 5555K, committed 5696K, reserved 1048576K
}
Event: 4.710 GC heap after
{Heap after GC invocations=12 (full 0):
 garbage-first heap   total 89088K, used 29508K [0x0000000080000000, 0x0000000100000000)
  region size 1024K, 6 young (6144K), 6 survivors (6144K)
 Metaspace       used 42469K, committed 42816K, reserved 1089536K
  class space    used 5555K, committed 5696K, reserved 1048576K
}
Event: 5.152 GC heap before
{Heap before GC invocations=12 (full 0):
 garbage-first heap   total 89088K, used 67396K [0x0000000080000000, 0x0000000100000000)
  region size 1024K, 42 young (43008K), 6 survivors (6144K)
 Metaspace       used 46828K, committed 47296K, reserved 1097728K
  class space    used 6127K, committed 6336K, reserved 1048576K
}
Event: 5.158 GC heap after
{Heap after GC invocations=13 (full 0):
 garbage-first heap   total 89088K, used 32032K [0x0000000080000000, 0x0000000100000000)
  region size 1024K, 4 young (4096K), 4 survivors (4096K)
 Metaspace       used 46828K, committed 47296K, reserved 1097728K
  class space    used 6127K, committed 6336K, reserved 1048576K
}
Event: 5.745 GC heap before
{Heap before GC invocations=13 (full 0):
 garbage-first heap   total 89088K, used 66848K [0x0000000080000000, 0x0000000100000000)
  region size 1024K, 38 young (38912K), 4 survivors (4096K)
 Metaspace       used 50881K, committed 51264K, reserved 1097728K
  class space    used 6741K, committed 6912K, reserved 1048576K
}
Event: 5.751 GC heap after
{Heap after GC invocations=14 (full 0):
 garbage-first heap   total 89088K, used 34355K [0x0000000080000000, 0x0000000100000000)
  region size 1024K, 3 young (3072K), 3 survivors (3072K)
 Metaspace       used 50881K, committed 51264K, reserved 1097728K
  class space    used 6741K, committed 6912K, reserved 1048576K
}
Event: 6.458 GC heap before
{Heap before GC invocations=14 (full 0):
 garbage-first heap   total 89088K, used 70195K [0x0000000080000000, 0x0000000100000000)
  region size 1024K, 36 young (36864K), 3 survivors (3072K)
 Metaspace       used 52227K, committed 52736K, reserved 1097728K
  class space    used 6896K, committed 7104K, reserved 1048576K
}
Event: 6.466 GC heap after
{Heap after GC invocations=15 (full 0):
 garbage-first heap   total 89088K, used 44145K [0x0000000080000000, 0x0000000100000000)
  region size 1024K, 5 young (5120K), 5 survivors (5120K)
 Metaspace       used 52227K, committed 52736K, reserved 1097728K
  class space    used 6896K, committed 7104K, reserved 1048576K
}
Event: 6.729 GC heap before
{Heap before GC invocations=15 (full 0):
 garbage-first heap   total 89088K, used 66673K [0x0000000080000000, 0x0000000100000000)
  region size 1024K, 27 young (27648K), 5 survivors (5120K)
 Metaspace       used 55376K, committed 55808K, reserved 1097728K
  class space    used 7332K, committed 7552K, reserved 1048576K
}
Event: 6.732 GC heap after
{Heap after GC invocations=16 (full 0):
 garbage-first heap   total 89088K, used 45417K [0x0000000080000000, 0x0000000100000000)
  region size 1024K, 1 young (1024K), 1 survivors (1024K)
 Metaspace       used 55376K, committed 55808K, reserved 1097728K
  class space    used 7332K, committed 7552K, reserved 1048576K
}
Event: 7.056 GC heap before
{Heap before GC invocations=16 (full 0):
 garbage-first heap   total 89088K, used 68969K [0x0000000080000000, 0x0000000100000000)
  region size 1024K, 24 young (24576K), 1 survivors (1024K)
 Metaspace       used 58892K, committed 59328K, reserved 1105920K
  class space    used 7788K, committed 8000K, reserved 1048576K
}
Event: 7.059 GC heap after
{Heap after GC invocations=17 (full 0):
 garbage-first heap   total 89088K, used 46122K [0x0000000080000000, 0x0000000100000000)
  region size 1024K, 2 young (2048K), 2 survivors (2048K)
 Metaspace       used 58892K, committed 59328K, reserved 1105920K
  class space    used 7788K, committed 8000K, reserved 1048576K
}

Dll operation events (2 events):
Event: 0.007 Loaded shared library E:\Installed Program\Android Studio\jbr\bin\java.dll
Event: 0.317 Loaded shared library E:\Installed Program\Android Studio\jbr\bin\verify.dll

Deoptimization events (20 events):
Event: 6.676 Thread 0x00000169397a2500 Uncommon trap: trap_request=0xffffffde fr.pc=0x0000016928ddee10 relative=0x0000000000000a10
Event: 6.676 Thread 0x00000169397a2500 Uncommon trap: reason=class_check action=maybe_recompile pc=0x0000016928ddee10 method=java.io.BufferedInputStream.read1([BII)I @ 39 c2
Event: 6.676 Thread 0x00000169397a2500 DEOPT PACKING pc=0x0000016928ddee10 sp=0x0000003eecaf7310
Event: 6.676 Thread 0x00000169397a2500 DEOPT UNPACKING pc=0x00000169287169a3 sp=0x0000003eecaf7228 mode 2
Event: 6.676 Thread 0x00000169397a2500 Uncommon trap: trap_request=0xffffffde fr.pc=0x0000016928ddee10 relative=0x0000000000000a10
Event: 6.676 Thread 0x00000169397a2500 Uncommon trap: reason=class_check action=maybe_recompile pc=0x0000016928ddee10 method=java.io.BufferedInputStream.read1([BII)I @ 39 c2
Event: 6.676 Thread 0x00000169397a2500 DEOPT PACKING pc=0x0000016928ddee10 sp=0x0000003eecaf7310
Event: 6.676 Thread 0x00000169397a2500 DEOPT UNPACKING pc=0x00000169287169a3 sp=0x0000003eecaf7228 mode 2
Event: 6.676 Thread 0x00000169397a2500 Uncommon trap: trap_request=0xffffffde fr.pc=0x0000016928ddee10 relative=0x0000000000000a10
Event: 6.676 Thread 0x00000169397a2500 Uncommon trap: reason=class_check action=maybe_recompile pc=0x0000016928ddee10 method=java.io.BufferedInputStream.read1([BII)I @ 39 c2
Event: 6.676 Thread 0x00000169397a2500 DEOPT PACKING pc=0x0000016928ddee10 sp=0x0000003eecaf7310
Event: 6.676 Thread 0x00000169397a2500 DEOPT UNPACKING pc=0x00000169287169a3 sp=0x0000003eecaf7228 mode 2
Event: 6.693 Thread 0x00000169397a2500 Uncommon trap: trap_request=0xffffffde fr.pc=0x0000016928ddee10 relative=0x0000000000000a10
Event: 6.693 Thread 0x00000169397a2500 Uncommon trap: reason=class_check action=maybe_recompile pc=0x0000016928ddee10 method=java.io.BufferedInputStream.read1([BII)I @ 39 c2
Event: 6.693 Thread 0x00000169397a2500 DEOPT PACKING pc=0x0000016928ddee10 sp=0x0000003eecaf7da0
Event: 6.693 Thread 0x00000169397a2500 DEOPT UNPACKING pc=0x00000169287169a3 sp=0x0000003eecaf7cb8 mode 2
Event: 6.693 Thread 0x00000169397a2500 Uncommon trap: trap_request=0xffffffde fr.pc=0x0000016928de1e00 relative=0x00000000000001c0
Event: 6.693 Thread 0x00000169397a2500 Uncommon trap: reason=class_check action=maybe_recompile pc=0x0000016928de1e00 method=java.io.BufferedInputStream.read1([BII)I @ 39 c2
Event: 6.693 Thread 0x00000169397a2500 DEOPT PACKING pc=0x0000016928de1e00 sp=0x0000003eecaf7d00
Event: 6.693 Thread 0x00000169397a2500 DEOPT UNPACKING pc=0x00000169287169a3 sp=0x0000003eecaf7ca8 mode 2

Classes unloaded (0 events):
No events

Classes redefined (0 events):
No events

Internal exceptions (20 events):
Event: 5.573 Thread 0x00000169397a2500 Exception <a 'java/lang/NoSuchMethodError'{0x0000000083a07d98}: 'java.lang.Object java.lang.invoke.DirectMethodHandle$Holder.invokeStatic(java.lang.Object, java.lang.Object, java.lang.Object, java.lang.Object, java.lang.Object, java.lang.Object, java.lang.Object, java.lang.Object, java.lang.Object, java.lang.Object, java.lang.Object, java.lang.Object, java.lang.Object, java.lang.Object, java.lang.Object, java.lang.Object, java.lang.Object, java.lang.Object, java.lang.Object, java.lang.Object, java.lang.Obj
Event: 5.575 Thread 0x00000169397a2500 Exception <a 'java/lang/NoSuchMethodError'{0x0000000083a36940}: 'java.lang.Object java.lang.invoke.DirectMethodHandle$Holder.invokeStatic(java.lang.Object, java.lang.Object, java.lang.Object, java.lang.Object, java.lang.Object, java.lang.Object, java.lang.Object, java.lang.Object, java.lang.Object, java.lang.Object, java.lang.Object, java.lang.Object, java.lang.Object, java.lang.Object, java.lang.Object, java.lang.Object, java.lang.Object, java.lang.Object, java.lang.Object, java.lang.Object, java.lang.Obj
Event: 6.232 Thread 0x00000169397a2500 Exception <a 'java/lang/NoSuchMethodError'{0x0000000084158450}: 'long java.lang.invoke.DirectMethodHandle$Holder.invokeVirtual(java.lang.Object, java.lang.Object)'> (0x0000000084158450) 
thrown [s\src\hotspot\share\interpreter\linkResolver.cpp, line 771]
Event: 6.239 Thread 0x000001693a129a50 Exception <a 'java/lang/NoSuchMethodError'{0x00000000841c11f0}: static Lorg/gradle/internal/build/event/types/DefaultOperationFinishedProgressEvent;.<clinit>()V> (0x00000000841c11f0) 
thrown [s\src\hotspot\share\prims\jni.cpp, line 1108]
Event: 6.242 Thread 0x000001693a129a50 Exception <a 'java/lang/NoSuchMethodError'{0x00000000841e4e70}: static Lorg/gradle/internal/build/event/types/DefaultProjectConfigurationSuccessResult;.<clinit>()V> (0x00000000841e4e70) 
thrown [s\src\hotspot\share\prims\jni.cpp, line 1108]
Event: 6.242 Thread 0x000001693a129a50 Exception <a 'java/lang/NoSuchMethodError'{0x00000000841e5f28}: static Lorg/gradle/internal/build/event/types/AbstractProjectConfigurationResult;.<clinit>()V> (0x00000000841e5f28) 
thrown [s\src\hotspot\share\prims\jni.cpp, line 1108]
Event: 6.242 Thread 0x000001693a129a50 Exception <a 'java/lang/NoSuchMethodError'{0x00000000841e7428}: static Lorg/gradle/internal/build/event/types/AbstractOperationResult;.<clinit>()V> (0x00000000841e7428) 
thrown [s\src\hotspot\share\prims\jni.cpp, line 1108]
Event: 6.242 Thread 0x000001693a129a50 Exception <a 'java/lang/NoSuchMethodError'{0x00000000841e83e8}: static Lorg/gradle/internal/build/event/types/AbstractResult;.<clinit>()V> (0x00000000841e83e8) 
thrown [s\src\hotspot\share\prims\jni.cpp, line 1108]
Event: 6.243 Thread 0x000001693a129a50 Exception <a 'java/lang/NoSuchMethodError'{0x00000000841fd098}: static Lorg/gradle/internal/build/event/types/DefaultPluginApplicationResult;.<clinit>()V> (0x00000000841fd098) 
thrown [s\src\hotspot\share\prims\jni.cpp, line 1108]
Event: 6.244 Thread 0x000001693a129a50 Exception <a 'java/lang/NoSuchMethodError'{0x0000000084007f58}: static Lorg/gradle/internal/build/event/types/DefaultBinaryPluginIdentifier;.<clinit>()V> (0x0000000084007f58) 
thrown [s\src\hotspot\share\prims\jni.cpp, line 1108]
Event: 6.245 Thread 0x000001693a129a50 Exception <a 'java/lang/NoSuchMethodError'{0x000000008401c9a8}: static Lorg/gradle/internal/build/event/types/DefaultScriptPluginIdentifier;.<clinit>()V> (0x000000008401c9a8) 
thrown [s\src\hotspot\share\prims\jni.cpp, line 1108]
Event: 6.293 Thread 0x00000169397a2500 Exception <a 'java/lang/ClassNotFoundException'{0x0000000084070cc8}: build_7truz4zgjept33lua1ewta0hqBeanInfo> (0x0000000084070cc8) 
thrown [s\src\hotspot\share\classfile\systemDictionary.cpp, line 256]
Event: 6.293 Thread 0x00000169397a2500 Exception <a 'java/lang/ClassNotFoundException'{0x0000000084077548}: build_7truz4zgjept33lua1ewta0hqCustomizer> (0x0000000084077548) 
thrown [s\src\hotspot\share\classfile\systemDictionary.cpp, line 256]
Event: 6.423 Thread 0x00000169397a2500 Exception <a 'java/lang/ClassNotFoundException'{0x00000000838757f8}: org/gradle/api/internal/plugins/DefaultObjectConfigurationActionBeanInfo> (0x00000000838757f8) 
thrown [s\src\hotspot\share\classfile\systemDictionary.cpp, line 256]
Event: 6.424 Thread 0x00000169397a2500 Exception <a 'java/lang/ClassNotFoundException'{0x0000000083887c20}: org/gradle/api/internal/plugins/DefaultObjectConfigurationActionCustomizer> (0x0000000083887c20) 
thrown [s\src\hotspot\share\classfile\systemDictionary.cpp, line 256]
Event: 6.555 Thread 0x00000169397a2500 Exception <a 'java/lang/NoSuchMethodError'{0x0000000084e44ae8}: 'java.lang.Object java.lang.invoke.DirectMethodHandle$Holder.newInvokeSpecial(java.lang.Object, java.lang.Object, java.lang.Object, java.lang.Object, int)'> (0x0000000084e44ae8) 
thrown [s\src\hotspot\share\interpreter\linkResolver.cpp, line 771]
Event: 6.555 Thread 0x00000169397a2500 Exception <a 'java/lang/NoSuchMethodError'{0x0000000084e49c88}: 'java.lang.Object java.lang.invoke.DirectMethodHandle$Holder.invokeSpecial(java.lang.Object, java.lang.Object, java.lang.Object, java.lang.Object, java.lang.Object, int)'> (0x0000000084e49c88) 
thrown [s\src\hotspot\share\interpreter\linkResolver.cpp, line 771]
Event: 6.555 Thread 0x00000169397a2500 Exception <a 'java/lang/NoSuchMethodError'{0x0000000084e4e760}: 'java.lang.Object java.lang.invoke.Invokers$Holder.linkToTargetMethod(java.lang.Object, java.lang.Object, java.lang.Object, int, java.lang.Object)'> (0x0000000084e4e760) 
thrown [s\src\hotspot\share\interpreter\linkResolver.cpp, line 771]
Event: 6.726 Thread 0x00000169397a2500 Exception <a 'java/lang/NoSuchMethodError'{0x00000000841d58d8}: 'int java.lang.invoke.DirectMethodHandle$Holder.invokeInterface(java.lang.Object, java.lang.Object, java.lang.Object, java.lang.Object)'> (0x00000000841d58d8) 
thrown [s\src\hotspot\share\interpreter\linkResolver.cpp, line 771]
Event: 7.185 Thread 0x00000169397a2500 Exception <a 'java/lang/IncompatibleClassChangeError'{0x000000008551a728}: Found class java.lang.Object, but interface was expected> (0x000000008551a728) 
thrown [s\src\hotspot\share\interpreter\linkResolver.cpp, line 838]

VM Operations (20 events):
Event: 6.000 Executing VM operation: ICBufferFull
Event: 6.000 Executing VM operation: ICBufferFull done
Event: 6.237 Executing VM operation: HandshakeAllThreads
Event: 6.237 Executing VM operation: HandshakeAllThreads done
Event: 6.427 Executing VM operation: ICBufferFull
Event: 6.427 Executing VM operation: ICBufferFull done
Event: 6.458 Executing VM operation: G1CollectForAllocation
Event: 6.466 Executing VM operation: G1CollectForAllocation done
Event: 6.718 Executing VM operation: HandshakeAllThreads
Event: 6.718 Executing VM operation: HandshakeAllThreads done
Event: 6.725 Executing VM operation: HandshakeAllThreads
Event: 6.725 Executing VM operation: HandshakeAllThreads done
Event: 6.729 Executing VM operation: G1CollectForAllocation
Event: 6.732 Executing VM operation: G1CollectForAllocation done
Event: 7.056 Executing VM operation: G1CollectForAllocation
Event: 7.059 Executing VM operation: G1CollectForAllocation done
Event: 7.124 Executing VM operation: G1Concurrent
Event: 7.129 Executing VM operation: G1Concurrent done
Event: 7.155 Executing VM operation: G1Concurrent
Event: 7.155 Executing VM operation: G1Concurrent done

Events (20 events):
Event: 7.222 loading class javax/management/openmbean/CompositeDataView done
Event: 7.222 loading class com/sun/management/GcInfo done
Event: 7.223 loading class com/sun/management/internal/HotSpotDiagnostic
Event: 7.223 loading class com/sun/management/HotSpotDiagnosticMXBean
Event: 7.223 loading class com/sun/management/HotSpotDiagnosticMXBean done
Event: 7.223 loading class com/sun/management/internal/HotSpotDiagnostic done
Event: 7.223 loading class com/sun/management/VMOption
Event: 7.223 loading class com/sun/management/VMOption done
Event: 7.223 loading class com/sun/management/VMOption$Origin
Event: 7.223 loading class com/sun/management/VMOption$Origin done
Event: 7.224 loading class jdk/internal/misc/VM$BufferPoolsHolder
Event: 7.224 loading class jdk/internal/misc/VM$BufferPoolsHolder done
Event: 7.224 loading class sun/nio/ch/FileChannelImpl$1
Event: 7.224 loading class sun/nio/ch/FileChannelImpl$1 done
Event: 7.224 loading class sun/nio/ch/FileChannelImpl$2
Event: 7.224 loading class sun/nio/ch/FileChannelImpl$2 done
Event: 7.224 loading class java/lang/management/BufferPoolMXBean
Event: 7.224 loading class java/lang/management/BufferPoolMXBean done
Event: 7.224 loading class sun/management/ManagementFactoryHelper$1
Event: 7.225 loading class sun/management/ManagementFactoryHelper$1 done


Dynamic libraries:
0x00007ff6baa40000 - 0x00007ff6baa4a000 	E:\Installed Program\Android Studio\jbr\bin\java.exe
0x00007ffa4eef0000 - 0x00007ffa4f0e8000 	C:\Windows\SYSTEM32\ntdll.dll
0x00007ffa4d8b0000 - 0x00007ffa4d96d000 	C:\Windows\System32\KERNEL32.DLL
0x00007ffa4c5d0000 - 0x00007ffa4c8c6000 	C:\Windows\System32\KERNELBASE.dll
0x00007ffa469a0000 - 0x00007ffa46a31000 	C:\Windows\SYSTEM32\apphelp.dll
0x00007ffa4caf0000 - 0x00007ffa4cbf0000 	C:\Windows\System32\ucrtbase.dll
0x00007ffa2f920000 - 0x00007ffa2f937000 	E:\Installed Program\Android Studio\jbr\bin\jli.dll
0x00007ffa34bc0000 - 0x00007ffa34bdb000 	E:\Installed Program\Android Studio\jbr\bin\VCRUNTIME140.dll
0x00007ffa4d080000 - 0x00007ffa4d21e000 	C:\Windows\System32\USER32.dll
0x00007ffa29d20000 - 0x00007ffa29fba000 	C:\Windows\WinSxS\amd64_microsoft.windows.common-controls_6595b64144ccf1df_6.0.19041.1110_none_60b5254171f9507e\COMCTL32.dll
0x00007ffa4cf20000 - 0x00007ffa4cf42000 	C:\Windows\System32\win32u.dll
0x00007ffa4d2d0000 - 0x00007ffa4d36e000 	C:\Windows\System32\msvcrt.dll
0x00007ffa4d050000 - 0x00007ffa4d07c000 	C:\Windows\System32\GDI32.dll
0x00007ffa4cd70000 - 0x00007ffa4ce8a000 	C:\Windows\System32\gdi32full.dll
0x00007ffa4cca0000 - 0x00007ffa4cd3d000 	C:\Windows\System32\msvcp_win.dll
0x00007ffa4ed50000 - 0x00007ffa4ed80000 	C:\Windows\System32\IMM32.DLL
0x00007ffa44530000 - 0x00007ffa4453c000 	E:\Installed Program\Android Studio\jbr\bin\vcruntime140_1.dll
0x00007ffa2e570000 - 0x00007ffa2e5fd000 	E:\Installed Program\Android Studio\jbr\bin\msvcp140.dll
0x00007ffa2c650000 - 0x00007ffa2d2be000 	E:\Installed Program\Android Studio\jbr\bin\server\jvm.dll
0x00007ffa4d220000 - 0x00007ffa4d2ce000 	C:\Windows\System32\ADVAPI32.dll
0x00007ffa4cf50000 - 0x00007ffa4cfec000 	C:\Windows\System32\sechost.dll
0x00007ffa4dcd0000 - 0x00007ffa4ddf6000 	C:\Windows\System32\RPCRT4.dll
0x00007ffa364a0000 - 0x00007ffa364c7000 	C:\Windows\SYSTEM32\WINMM.dll
0x00007ffa45080000 - 0x00007ffa45089000 	C:\Windows\SYSTEM32\WSOCK32.dll
0x00007ffa43610000 - 0x00007ffa4361a000 	C:\Windows\SYSTEM32\VERSION.dll
0x00007ffa4dc60000 - 0x00007ffa4dccb000 	C:\Windows\System32\WS2_32.dll
0x00007ffa4adf0000 - 0x00007ffa4ae02000 	C:\Windows\SYSTEM32\kernel.appcore.dll
0x00007ffa3fad0000 - 0x00007ffa3fada000 	E:\Installed Program\Android Studio\jbr\bin\jimage.dll
0x00007ffa47310000 - 0x00007ffa474f4000 	C:\Windows\SYSTEM32\DBGHELP.DLL
0x00007ffa35950000 - 0x00007ffa35984000 	C:\Windows\SYSTEM32\dbgcore.DLL
0x00007ffa4ce90000 - 0x00007ffa4cf12000 	C:\Windows\System32\bcryptPrimitives.dll
0x00007ffa30860000 - 0x00007ffa30885000 	E:\Installed Program\Android Studio\jbr\bin\java.dll
0x00007ffa30840000 - 0x00007ffa30858000 	E:\Installed Program\Android Studio\jbr\bin\zip.dll
0x00007ffa4e4d0000 - 0x00007ffa4ec15000 	C:\Windows\System32\SHELL32.dll
0x00007ffa47500000 - 0x00007ffa47c9b000 	C:\Windows\SYSTEM32\windows.storage.dll
0x00007ffa4df50000 - 0x00007ffa4e2a4000 	C:\Windows\System32\combase.dll
0x00007ffa4bf90000 - 0x00007ffa4bfbe000 	C:\Windows\SYSTEM32\Wldp.dll
0x00007ffa4ed80000 - 0x00007ffa4ee2d000 	C:\Windows\System32\SHCORE.dll
0x00007ffa4db50000 - 0x00007ffa4dba5000 	C:\Windows\System32\shlwapi.dll
0x00007ffa4c500000 - 0x00007ffa4c525000 	C:\Windows\SYSTEM32\profapi.dll
0x00007ffa300c0000 - 0x00007ffa300d9000 	E:\Installed Program\Android Studio\jbr\bin\net.dll
0x00007ffa3fda0000 - 0x00007ffa3feaa000 	C:\Windows\SYSTEM32\WINHTTP.dll
0x00007ffa4bd00000 - 0x00007ffa4bd6a000 	C:\Windows\system32\mswsock.dll
0x00007ffa300a0000 - 0x00007ffa300b6000 	E:\Installed Program\Android Studio\jbr\bin\nio.dll
0x00007ffa3e330000 - 0x00007ffa3e340000 	E:\Installed Program\Android Studio\jbr\bin\verify.dll
0x00007ffa2f630000 - 0x00007ffa2f657000 	C:\Users\ACER\.gradle\native\68d5fa5c4cc2d200863cafc0d521ce42e7d3e7ee720ec0a83991735586a16f82\windows-amd64\native-platform.dll
0x00007ffa2b870000 - 0x00007ffa2b9b4000 	C:\Users\ACER\.gradle\native\e376f236ea51e6404a007f0833ffe2c6e607c4080706a723a18a27aeea778392\windows-amd64\native-platform-file-events.dll
0x00007ffa37530000 - 0x00007ffa37539000 	E:\Installed Program\Android Studio\jbr\bin\management.dll
0x00007ffa32b20000 - 0x00007ffa32b2b000 	E:\Installed Program\Android Studio\jbr\bin\management_ext.dll
0x00007ffa4db40000 - 0x00007ffa4db48000 	C:\Windows\System32\PSAPI.DLL
0x00007ffa4bef0000 - 0x00007ffa4bf08000 	C:\Windows\SYSTEM32\CRYPTSP.dll
0x00007ffa4b610000 - 0x00007ffa4b644000 	C:\Windows\system32\rsaenh.dll
0x00007ffa4cd40000 - 0x00007ffa4cd67000 	C:\Windows\System32\bcrypt.dll
0x00007ffa4c4c0000 - 0x00007ffa4c4ee000 	C:\Windows\SYSTEM32\USERENV.dll
0x00007ffa4c350000 - 0x00007ffa4c35c000 	C:\Windows\SYSTEM32\CRYPTBASE.dll
0x00007ffa4b9f0000 - 0x00007ffa4ba2b000 	C:\Windows\SYSTEM32\IPHLPAPI.DLL
0x00007ffa4db30000 - 0x00007ffa4db38000 	C:\Windows\System32\NSI.dll
0x00007ffa40850000 - 0x00007ffa40867000 	C:\Windows\SYSTEM32\dhcpcsvc6.DLL
0x00007ffa40a60000 - 0x00007ffa40a7d000 	C:\Windows\SYSTEM32\dhcpcsvc.DLL
0x00007ffa4ba30000 - 0x00007ffa4bafa000 	C:\Windows\SYSTEM32\DNSAPI.dll
0x00007ffa23870000 - 0x00007ffa23877000 	C:\Windows\system32\wshunix.dll

dbghelp: loaded successfully - version: 4.0.5 - missing functions: none
symbol engine: initialized successfully - sym options: 0x614 - pdb path: .;E:\Installed Program\Android Studio\jbr\bin;C:\Windows\SYSTEM32;C:\Windows\WinSxS\amd64_microsoft.windows.common-controls_6595b64144ccf1df_6.0.19041.1110_none_60b5254171f9507e;E:\Installed Program\Android Studio\jbr\bin\server;C:\Users\ACER\.gradle\native\68d5fa5c4cc2d200863cafc0d521ce42e7d3e7ee720ec0a83991735586a16f82\windows-amd64;C:\Users\ACER\.gradle\native\e376f236ea51e6404a007f0833ffe2c6e607c4080706a723a18a27aeea778392\windows-amd64

VM Arguments:
jvm_args: --add-opens=java.base/java.util=ALL-UNNAMED --add-opens=java.base/java.lang=ALL-UNNAMED --add-opens=java.base/java.lang.invoke=ALL-UNNAMED --add-opens=java.prefs/java.util.prefs=ALL-UNNAMED --add-opens=java.base/java.nio.charset=ALL-UNNAMED --add-opens=java.base/java.net=ALL-UNNAMED --add-opens=java.base/java.util.concurrent.atomic=ALL-UNNAMED -Xmx2048m -Dfile.encoding=UTF-8 -Duser.country=US -Duser.language=en -Duser.variant 
java_command: org.gradle.launcher.daemon.bootstrap.GradleDaemon 8.0
java_class_path (initial): C:\Users\ACER\.gradle\wrapper\dists\gradle-8.0-bin\ca5e32bp14vu59qr306oxotwh\gradle-8.0\lib\gradle-launcher-8.0.jar
Launcher Type: SUN_STANDARD

[Global flags]
     intx CICompilerCount                          = 3                                         {product} {ergonomic}
     uint ConcGCThreads                            = 1                                         {product} {ergonomic}
     uint G1ConcRefinementThreads                  = 4                                         {product} {ergonomic}
   size_t G1HeapRegionSize                         = 1048576                                   {product} {ergonomic}
    uintx GCDrainStackTargetSize                   = 64                                        {product} {ergonomic}
   size_t InitialHeapSize                          = 132120576                                 {product} {ergonomic}
   size_t MarkStackSize                            = 4194304                                   {product} {ergonomic}
   size_t MaxHeapSize                              = 2147483648                                {product} {command line}
   size_t MaxNewSize                               = 1287651328                                {product} {ergonomic}
   size_t MinHeapDeltaBytes                        = 1048576                                   {product} {ergonomic}
   size_t MinHeapSize                              = 8388608                                   {product} {ergonomic}
    uintx NonNMethodCodeHeapSize                   = 5832780                                {pd product} {ergonomic}
    uintx NonProfiledCodeHeapSize                  = 122912730                              {pd product} {ergonomic}
    uintx ProfiledCodeHeapSize                     = 122912730                              {pd product} {ergonomic}
    uintx ReservedCodeCacheSize                    = 251658240                              {pd product} {ergonomic}
     bool SegmentedCodeCache                       = true                                      {product} {ergonomic}
   size_t SoftMaxHeapSize                          = 2147483648                             {manageable} {ergonomic}
     bool UseCompressedClassPointers               = true                           {product lp64_product} {ergonomic}
     bool UseCompressedOops                        = true                           {product lp64_product} {ergonomic}
     bool UseG1GC                                  = true                                      {product} {ergonomic}
     bool UseLargePagesIndividualAllocation        = false                                  {pd product} {ergonomic}

Logging:
Log output configuration:
 #0: stdout all=warning uptime,level,tags
 #1: stderr all=off uptime,level,tags

Environment Variables:
JAVA_HOME=C:\Program Files\Java\jdk-18.0.1.1
PATH=C:\Python311\Scripts\;C:\Python311\;C:\Program Files\Common Files\Oracle\Java\javapath;C:\Windows\system32;C:\Windows;C:\Windows\System32\Wbem;C:\Windows\System32\WindowsPowerShell\v1.0\;C:\Windows\System32\OpenSSH\;C:\Program Files\dotnet\;C:\Program Files\Microsoft SQL Server\Client SDK\ODBC\170\Tools\Binn\;C:\Program Files\Java\jdk-18.0.1.1\bin;C:\Program Files\Git\cmd;C:\Program Files (x86)\Microsoft SQL Server\150\DTS\Binn\;C:\Program Files\MongoDB\Server\6.0\bin;C:\mongosh-1.8.0\bin;C:\ProgramData\chocolatey\bin;C:\Program Files\nodejs\;C:\Program Files (x86)\IBM\SPSS\Statistics\23\JRE\bin;C:\Users\ACER\AppData\Local\Programs\Python\Python37\Scripts\;C:\Users\ACER\AppData\Local\Programs\Python\Python37\;C:\Users\ACER\AppData\Local\Programs\Python\Python39\Scripts\;C:\Users\ACER\AppData\Local\Programs\Python\Python39\;C:\Users\ACER\AppData\Local\Microsoft\WindowsApps;C:\Program Files\JetBrains\PyCharm Community Edition 2021.1\bin;;C:\Users\ACER\.dotnet\tools;C:\Program Files\Azure Data Studio\bin;C:\Program Files\Azure Data Studio\bin;C:\Users\ACER\AppData\Local\Programs\Microsoft VS Code\bin;C:\Users\ACER\AppData\Roaming\npm;F:\Flutter\src\flutter\bin;C:\Program Files\JetBrains\PyCharm Community Edition 2021.1\bin
USERNAME=ACER
OS=Windows_NT
PROCESSOR_IDENTIFIER=Intel64 Family 6 Model 142 Stepping 12, GenuineIntel
TMP=C:\Users\ACER\AppData\Local\Temp
TEMP=C:\Users\ACER\AppData\Local\Temp


JNI global refs:
JNI global refs: 24, weak refs: 3

JNI global refs memory usage: 843, weak refs: 841


---------------  S Y S T E M  ---------------

OS:
 Windows 10 , 64 bit Build 19041 (10.0.19041.3393)
OS uptime: 5 days 8:12 hours

CPU: total 4 (initial active 4) (2 cores per cpu, 2 threads per core) family 6 model 142 stepping 12 microcode 0xc6, cx8, cmov, fxsr, ht, mmx, 3dnowpref, sse, sse2, sse3, ssse3, sse4.1, sse4.2, popcnt, lzcnt, tsc, tscinvbit, avx, avx2, aes, erms, clmul, bmi1, bmi2, adx, fma, vzeroupper, clflush, clflushopt

Memory: 4k page, system-wide physical 8022M (240M free)
TotalPageFile size 23207M (AvailPageFile size 4M)
current process WorkingSet (physical memory assigned to process): 259M, peak: 259M
current process commit charge ("private bytes"): 287M, peak: 288M

vm_info: OpenJDK 64-Bit Server VM (17.0.6+0-b2043.56-10027231) for windows-amd64 JRE (17.0.6+0-b2043.56-10027231), built on Apr 28 2023 00:43:19 by "androidbuild" with MS VC++ 16.10 / 16.11 (VS2019)

END.
